Log file open, 09/25/19 17:08:13
LogWindows: Failed to load 'aqProf.dll' (GetLastError=126)
LogWindows: File 'aqProf.dll' does not exist
LogWindows: Failed to load 'VtuneApi.dll' (GetLastError=126)
LogWindows: File 'VtuneApi.dll' does not exist
LogWindows: Failed to load 'VtuneApi32e.dll' (GetLastError=126)
LogWindows: File 'VtuneApi32e.dll' does not exist
LogConsoleResponse: Display: Failed to find resolution value strings in scalability ini. Falling back to default.
LogInit: Display: Running engine for game: BattelTank
LogPakFile: Registered encryption key '00000000000000000000000000000000': 0 pak files mounted, 0 remain pending
LogPlatformFile: Not using cached read wrapper
LogTaskGraph: Started task graph with 5 named threads and 14 total threads with 3 sets of task threads.
LogStats: Stats thread started at 0.192909
LogD3D11RHI: Loaded GFSDK_Aftermath_Lib.x64.dll
LogICUInternationalization: ICU TimeZone Detection - Raw Offset: +3:00, Platform Override: ''
LogPluginManager: Mounting plugin Paper2D
LogPluginManager: Mounting plugin AISupport
LogPluginManager: Mounting plugin LightPropagationVolume
LogPluginManager: Mounting plugin ActorLayerUtilities
LogPluginManager: Mounting plugin AnimationSharing
LogPluginManager: Mounting plugin CLionSourceCodeAccess
LogPluginManager: Mounting plugin CodeLiteSourceCodeAccess
LogPluginManager: Mounting plugin GitSourceControl
LogPluginManager: Mounting plugin KDevelopSourceCodeAccess
LogPluginManager: Mounting plugin NullSourceCodeAccess
LogPluginManager: Mounting plugin PerforceSourceControl
LogPluginManager: Mounting plugin SubversionSourceControl
LogPluginManager: Mounting plugin UObjectPlugin
LogPluginManager: Mounting plugin VisualStudioCodeSourceCodeAccess
LogPluginManager: Mounting plugin VisualStudioSourceCodeAccess
LogPluginManager: Mounting plugin XCodeSourceCodeAccess
LogPluginManager: Mounting plugin AssetManagerEditor
LogPluginManager: Mounting plugin CryptoKeys
LogPluginManager: Mounting plugin DataValidation
LogPluginManager: Mounting plugin FacialAnimation
LogPluginManager: Mounting plugin GameplayTagsEditor
LogPluginManager: Mounting plugin MacGraphicsSwitching
LogPluginManager: Mounting plugin MaterialAnalyzer
LogPluginManager: Mounting plugin MobileLauncherProfileWizard
LogPluginManager: Mounting plugin PluginBrowser
LogPluginManager: Mounting plugin SpeedTreeImporter
LogPluginManager: Mounting plugin DatasmithContent
LogPluginManager: Mounting plugin VariantManagerContent
LogPluginManager: Mounting plugin AlembicImporter
LogPluginManager: Mounting plugin AppleImageUtils
LogPluginManager: Mounting plugin AppleVision
LogPluginManager: Mounting plugin BackChannel
LogPluginManager: Mounting plugin CharacterAI
LogPluginManager: Mounting plugin GeometryCache
LogPluginManager: Mounting plugin HTML5Networking
LogPluginManager: Mounting plugin ProxyLODPlugin
LogPluginManager: Mounting plugin SkeletalReduction
LogPluginManager: Mounting plugin MagicLeap
LogPluginManager: Mounting plugin MagicLeapMedia
LogPluginManager: Mounting plugin AndroidMedia
LogPluginManager: Mounting plugin AvfMedia
LogPluginManager: Mounting plugin ImgMedia
LogPluginManager: Mounting plugin LinearTimecode
LogPluginManager: Mounting plugin MediaCompositing
LogPluginManager: Mounting plugin MediaPlayerEditor
LogPluginManager: Mounting plugin WebMMedia
LogPluginManager: Mounting plugin WmfMedia
LogPluginManager: Mounting plugin TcpMessaging
LogPluginManager: Mounting plugin UdpMessaging
LogPluginManager: Mounting plugin ActorSequence
LogPluginManager: Mounting plugin LevelSequenceEditor
LogPluginManager: Mounting plugin MatineeToLevelSequence
LogPluginManager: Mounting plugin NetcodeUnitTest
LogPluginManager: Mounting plugin NUTUnrealEngine4
LogPluginManager: Mounting plugin OnlineSubsystemGooglePlay
LogPluginManager: Mounting plugin OnlineSubsystemIOS
LogPluginManager: Mounting plugin OnlineSubsystem
LogPluginManager: Mounting plugin OnlineSubsystemNull
LogPluginManager: Mounting plugin OnlineSubsystemUtils
LogPluginManager: Mounting plugin LauncherChunkInstaller
LogPluginManager: Mounting plugin AndroidDeviceProfileSelector
LogPluginManager: Mounting plugin AndroidMoviePlayer
LogPluginManager: Mounting plugin AndroidPermission
LogPluginManager: Mounting plugin AppleMoviePlayer
LogPluginManager: Mounting plugin ArchVisCharacter
LogPluginManager: Mounting plugin AudioCapture
LogPluginManager: Mounting plugin CableComponent
LogPluginManager: Mounting plugin CustomMeshComponent
LogPluginManager: Mounting plugin EditableMesh
LogPluginManager: Mounting plugin ExampleDeviceProfileSelector
LogPluginManager: Mounting plugin Firebase
LogPluginManager: Mounting plugin GoogleCloudMessaging
LogPluginManager: Mounting plugin IOSDeviceProfileSelector
LogPluginManager: Mounting plugin LinuxDeviceProfileSelector
LogPluginManager: Mounting plugin LocationServicesBPLibrary
LogPluginManager: Mounting plugin MobilePatchingUtils
LogPluginManager: Mounting plugin OculusVR
LogPluginManager: Mounting plugin PhysXVehicles
LogPluginManager: Mounting plugin ProceduralMeshComponent
LogPluginManager: Mounting plugin RuntimePhysXCooking
LogPluginManager: Mounting plugin SignificanceManager
LogPluginManager: Mounting plugin SteamVR
LogPluginManager: Mounting plugin WebMMoviePlayer
LogPluginManager: Mounting plugin WindowsMoviePlayer
LogInit: Using libcurl 7.55.1-DEV
LogInit:  - built for x86_64-pc-win32
LogInit:  - supports SSL with OpenSSL/1.1.1
LogInit:  - supports HTTP deflate (compression) using libz 1.2.8
LogInit:  - other features:
LogInit:      CURL_VERSION_SSL
LogInit:      CURL_VERSION_LIBZ
LogInit:      CURL_VERSION_IPV6
LogInit:      CURL_VERSION_ASYNCHDNS
LogInit:      CURL_VERSION_LARGEFILE
LogInit:      CURL_VERSION_IDN
LogInit:  CurlRequestOptions (configurable via config and command line):
LogInit:  - bVerifyPeer = true  - Libcurl will verify peer certificate
LogInit:  - bUseHttpProxy = false  - Libcurl will NOT use HTTP proxy
LogInit:  - bDontReuseConnections = false  - Libcurl will reuse connections
LogInit:  - MaxHostConnections = 16  - Libcurl will limit the number of connections to a host
LogInit:  - LocalHostAddr = Default
LogInit:  - BufferSize = 65536
LogInit: WinSock: version 1.1 (2.2), MaxSocks=32767, MaxUdp=65467
LogInit: Build: ++UE4+Release-4.22-CL-7053642
LogInit: Engine Version: 4.22.3-7053642+++UE4+Release-4.22
LogInit: Compatible Engine Version: 4.22.0-5660361+++UE4+Release-4.22
LogInit: Net CL: 5660361
LogInit: OS: Windows 10 (Release 1809) (), CPU: Intel(R) Xeon(R) CPU           W3565  @ 3.20GHz, GPU: NVIDIA GeForce GTX 1050 Ti
LogInit: Compiled (64-bit): Jun 18 2019 03:09:11
LogInit: Compiled with Visual C++: 19.16.27025.01
LogInit: Build Configuration: Development
LogInit: Branch Name: ++UE4+Release-4.22
LogInit: Command Line: 
LogInit: Base Directory: C:/Program Files/Epic Games/UE_4.22/Engine/Binaries/Win64/
LogInit: Installed Engine Build: 1
LogDevObjectVersion: Number of dev versions registered: 23
LogDevObjectVersion:   Dev-Blueprints (B0D832E4-1F89-4F0D-ACCF-7EB736FD4AA2): 10
LogDevObjectVersion:   Dev-Build (E1C64328-A22C-4D53-A36C-8E866417BD8C): 0
LogDevObjectVersion:   Dev-Core (375EC13C-06E4-48FB-B500-84F0262A717E): 3
LogDevObjectVersion:   Dev-Editor (E4B068ED-F494-42E9-A231-DA0B2E46BB41): 30
LogDevObjectVersion:   Dev-Framework (CFFC743F-43B0-4480-9391-14DF171D2073): 35
LogDevObjectVersion:   Dev-Mobile (B02B49B5-BB20-44E9-A304-32B752E40360): 2
LogDevObjectVersion:   Dev-Networking (A4E4105C-59A1-49B5-A7C5-40C4547EDFEE): 0
LogDevObjectVersion:   Dev-Online (39C831C9-5AE6-47DC-9A44-9C173E1C8E7C): 0
LogDevObjectVersion:   Dev-Physics (78F01B33-EBEA-4F98-B9B4-84EACCB95AA2): 0
LogDevObjectVersion:   Dev-Platform (6631380F-2D4D-43E0-8009-CF276956A95A): 0
LogDevObjectVersion:   Dev-Rendering (12F88B9F-8875-4AFC-A67C-D90C383ABD29): 28
LogDevObjectVersion:   Dev-Sequencer (7B5AE74C-D270-4C10-A958-57980B212A5A): 11
LogDevObjectVersion:   Dev-VR (D7296918-1DD6-4BDD-9DE2-64A83CC13884): 2
LogDevObjectVersion:   Dev-LoadTimes (C2A15278-BFE7-4AFE-6C17-90FF531DF755): 1
LogDevObjectVersion:   Private-Geometry (6EACA3D4-40EC-4CC1-B786-8BED09428FC5): 3
LogDevObjectVersion:   Dev-AnimPhys (29E575DD-E0A3-4627-9D10-D276232CDCEA): 17
LogDevObjectVersion:   Dev-Anim (AF43A65D-7FD3-4947-9873-3E8ED9C1BB05): 2
LogDevObjectVersion:   Dev-ReflectionCapture (6B266CEC-1EC7-4B8F-A30B-E4D90942FC07): 1
LogDevObjectVersion:   Dev-Automation (0DF73D61-A23F-47EA-B727-89E90C41499A): 1
LogDevObjectVersion:   FortniteMain (601D1886-AC64-4F84-AA16-D3DE0DEAC7D6): 25
LogDevObjectVersion:   Dev-Enterprise (9DFFBCD6-494F-0158-E221-12823C92A888): 6
LogDevObjectVersion:   Dev-Niagara (F2AED0AC-9AFE-416F-8664-AA7FFA26D6FC): 1
LogDevObjectVersion:   Dev-Destruction (174F1F0B-B4C6-45A5-B13F-2EE8D0FB917D): 2
LogInit: Presizing for max 16777216 objects, including 0 objects not considered by GC, pre-allocating 0 bytes for permanent pool.
LogInit: Object subsystem initialized
LogConfig: Setting CVar [[con.DebugEarlyDefault:1]]
LogConfig: Setting CVar [[r.setres:1280x720]]
[2019.09.25-14.08.13:899][  0]LogConfig: Setting CVar [[r.VSync:0]]
[2019.09.25-14.08.13:899][  0]LogConfig: Setting CVar [[r.RHICmdBypass:0]]
[2019.09.25-14.08.13:899][  0]LogConfig: Applying CVar settings from Section [/Script/Engine.RendererSettings] File [E:/Udemy/buildingescape/BT/BattelTank/Saved/Config/Windows/Engine.ini]
[2019.09.25-14.08.13:899][  0]LogConfig: Setting CVar [[r.GPUCrashDebugging:0]]
[2019.09.25-14.08.13:899][  0]LogConfig: Setting CVar [[r.DefaultFeature.AutoExposure.ExtendDefaultLuminanceRange:1]]
[2019.09.25-14.08.13:899][  0]LogConfig: Applying CVar settings from Section [/Script/Engine.RendererOverrideSettings] File [E:/Udemy/buildingescape/BT/BattelTank/Saved/Config/Windows/Engine.ini]
[2019.09.25-14.08.13:899][  0]LogConfig: Applying CVar settings from Section [/Script/Engine.StreamingSettings] File [E:/Udemy/buildingescape/BT/BattelTank/Saved/Config/Windows/Engine.ini]
[2019.09.25-14.08.13:899][  0]LogConfig: Setting CVar [[s.MinBulkDataSizeForAsyncLoading:131072]]
[2019.09.25-14.08.13:899][  0]LogConfig: Setting CVar [[s.AsyncLoadingThreadEnabled:0]]
[2019.09.25-14.08.13:899][  0]LogConfig: Setting CVar [[s.EventDrivenLoaderEnabled:1]]
[2019.09.25-14.08.13:899][  0]LogConfig: Setting CVar [[s.WarnIfTimeLimitExceeded:0]]
[2019.09.25-14.08.13:899][  0]LogConfig: Setting CVar [[s.TimeLimitExceededMultiplier:1.5]]
[2019.09.25-14.08.13:899][  0]LogConfig: Setting CVar [[s.TimeLimitExceededMinTime:0.005]]
[2019.09.25-14.08.13:899][  0]LogConfig: Setting CVar [[s.UseBackgroundLevelStreaming:1]]
[2019.09.25-14.08.13:899][  0]LogConfig: Setting CVar [[s.PriorityAsyncLoadingExtraTime:15.0]]
[2019.09.25-14.08.13:899][  0]LogConfig: Setting CVar [[s.LevelStreamingActorsUpdateTimeLimit:5.0]]
[2019.09.25-14.08.13:899][  0]LogConfig: Setting CVar [[s.PriorityLevelStreamingActorsUpdateExtraTime:5.0]]
[2019.09.25-14.08.13:899][  0]LogConfig: Setting CVar [[s.LevelStreamingComponentsRegistrationGranularity:10]]
[2019.09.25-14.08.13:899][  0]LogConfig: Setting CVar [[s.UnregisterComponentsTimeLimit:1.0]]
[2019.09.25-14.08.13:899][  0]LogConfig: Setting CVar [[s.LevelStreamingComponentsUnregistrationGranularity:5]]
[2019.09.25-14.08.13:899][  0]LogConfig: Applying CVar settings from Section [/Script/Engine.GarbageCollectionSettings] File [E:/Udemy/buildingescape/BT/BattelTank/Saved/Config/Windows/Engine.ini]
[2019.09.25-14.08.13:899][  0]LogConfig: Setting CVar [[gc.MaxObjectsNotConsideredByGC:1]]
[2019.09.25-14.08.13:899][  0]LogConfig: Setting CVar [[gc.SizeOfPermanentObjectPool:0]]
[2019.09.25-14.08.13:899][  0]LogConfig: Setting CVar [[gc.FlushStreamingOnGC:0]]
[2019.09.25-14.08.13:899][  0]LogConfig: Setting CVar [[gc.NumRetriesBeforeForcingGC:10]]
[2019.09.25-14.08.13:899][  0]LogConfig: Setting CVar [[gc.AllowParallelGC:1]]
[2019.09.25-14.08.13:899][  0]LogConfig: Setting CVar [[gc.TimeBetweenPurgingPendingKillObjects:61.1]]
[2019.09.25-14.08.13:899][  0]LogConfig: Setting CVar [[gc.MaxObjectsInEditor:16777216]]
[2019.09.25-14.08.13:899][  0]LogConfig: Setting CVar [[gc.IncrementalBeginDestroyEnabled:1]]
[2019.09.25-14.08.13:899][  0]LogConfig: Setting CVar [[gc.CreateGCClusters:1]]
[2019.09.25-14.08.13:899][  0]LogConfig: Setting CVar [[gc.MinGCClusterSize:5]]
[2019.09.25-14.08.13:899][  0]LogConfig: Setting CVar [[gc.ActorClusteringEnabled:0]]
[2019.09.25-14.08.13:899][  0]LogConfig: Setting CVar [[gc.BlueprintClusteringEnabled:0]]
[2019.09.25-14.08.13:899][  0]LogConfig: Setting CVar [[gc.UseDisregardForGCOnDedicatedServers:0]]
[2019.09.25-14.08.13:899][  0]LogConfig: Applying CVar settings from Section [/Script/Engine.NetworkSettings] File [E:/Udemy/buildingescape/BT/BattelTank/Saved/Config/Windows/Engine.ini]
[2019.09.25-14.08.13:899][  0]LogConfig: Applying CVar settings from Section [/Script/UnrealEd.CookerSettings] File [E:/Udemy/buildingescape/BT/BattelTank/Saved/Config/Windows/Engine.ini]
[2019.09.25-14.08.13:901][  0]LogConfig: Applying CVar settings from Section [ViewDistanceQuality@3] File [E:/Udemy/buildingescape/BT/BattelTank/Saved/Config/Windows/Scalability.ini]
[2019.09.25-14.08.13:901][  0]LogConfig: Setting CVar [[r.SkeletalMeshLODBias:0]]
[2019.09.25-14.08.13:901][  0]LogConfig: Setting CVar [[r.ViewDistanceScale:1.0]]
[2019.09.25-14.08.13:901][  0]LogConfig: Applying CVar settings from Section [AntiAliasingQuality@3] File [E:/Udemy/buildingescape/BT/BattelTank/Saved/Config/Windows/Scalability.ini]
[2019.09.25-14.08.13:901][  0]LogConfig: Setting CVar [[r.PostProcessAAQuality:4]]
[2019.09.25-14.08.13:901][  0]LogConfig: Applying CVar settings from Section [ShadowQuality@3] File [E:/Udemy/buildingescape/BT/BattelTank/Saved/Config/Windows/Scalability.ini]
[2019.09.25-14.08.13:902][  0]LogConfig: Setting CVar [[r.LightFunctionQuality:1]]
[2019.09.25-14.08.13:902][  0]LogConfig: Setting CVar [[r.ShadowQuality:5]]
[2019.09.25-14.08.13:902][  0]LogConfig: Setting CVar [[r.Shadow.CSM.MaxCascades:10]]
[2019.09.25-14.08.13:902][  0]LogConfig: Setting CVar [[r.Shadow.MaxResolution:2048]]
[2019.09.25-14.08.13:902][  0]LogConfig: Setting CVar [[r.Shadow.MaxCSMResolution:2048]]
[2019.09.25-14.08.13:902][  0]LogConfig: Setting CVar [[r.Shadow.RadiusThreshold:0.01]]
[2019.09.25-14.08.13:902][  0]LogConfig: Setting CVar [[r.Shadow.DistanceScale:1.0]]
[2019.09.25-14.08.13:902][  0]LogConfig: Setting CVar [[r.Shadow.CSM.TransitionScale:1.0]]
[2019.09.25-14.08.13:902][  0]LogConfig: Setting CVar [[r.Shadow.PreShadowResolutionFactor:1.0]]
[2019.09.25-14.08.13:902][  0]LogConfig: Setting CVar [[r.DistanceFieldShadowing:1]]
[2019.09.25-14.08.13:902][  0]LogConfig: Setting CVar [[r.DistanceFieldAO:1]]
[2019.09.25-14.08.13:902][  0]LogConfig: Setting CVar [[r.AOQuality:2]]
[2019.09.25-14.08.13:902][  0]LogConfig: Setting CVar [[r.VolumetricFog:1]]
[2019.09.25-14.08.13:902][  0]LogConfig: Setting CVar [[r.VolumetricFog.GridPixelSize:8]]
[2019.09.25-14.08.13:902][  0]LogConfig: Setting CVar [[r.VolumetricFog.GridSizeZ:128]]
[2019.09.25-14.08.13:902][  0]LogConfig: Setting CVar [[r.VolumetricFog.HistoryMissSupersampleCount:4]]
[2019.09.25-14.08.13:902][  0]LogConfig: Setting CVar [[r.LightMaxDrawDistanceScale:1]]
[2019.09.25-14.08.13:902][  0]LogConfig: Setting CVar [[r.CapsuleShadows:1]]
[2019.09.25-14.08.13:902][  0]LogConfig: Applying CVar settings from Section [PostProcessQuality@3] File [E:/Udemy/buildingescape/BT/BattelTank/Saved/Config/Windows/Scalability.ini]
[2019.09.25-14.08.13:902][  0]LogConfig: Setting CVar [[r.MotionBlurQuality:4]]
[2019.09.25-14.08.13:902][  0]LogConfig: Setting CVar [[r.AmbientOcclusionMipLevelFactor:0.4]]
[2019.09.25-14.08.13:902][  0]LogConfig: Setting CVar [[r.AmbientOcclusionMaxQuality:100]]
[2019.09.25-14.08.13:902][  0]LogConfig: Setting CVar [[r.AmbientOcclusionLevels:-1]]
[2019.09.25-14.08.13:902][  0]LogConfig: Setting CVar [[r.AmbientOcclusionRadiusScale:1.0]]
[2019.09.25-14.08.13:902][  0]LogConfig: Setting CVar [[r.DepthOfFieldQuality:2]]
[2019.09.25-14.08.13:902][  0]LogConfig: Setting CVar [[r.RenderTargetPoolMin:400]]
[2019.09.25-14.08.13:902][  0]LogConfig: Setting CVar [[r.LensFlareQuality:2]]
[2019.09.25-14.08.13:902][  0]LogConfig: Setting CVar [[r.SceneColorFringeQuality:1]]
[2019.09.25-14.08.13:902][  0]LogConfig: Setting CVar [[r.EyeAdaptationQuality:2]]
[2019.09.25-14.08.13:902][  0]LogConfig: Setting CVar [[r.BloomQuality:5]]
[2019.09.25-14.08.13:902][  0]LogConfig: Setting CVar [[r.FastBlurThreshold:100]]
[2019.09.25-14.08.13:902][  0]LogConfig: Setting CVar [[r.Upscale.Quality:3]]
[2019.09.25-14.08.13:902][  0]LogConfig: Setting CVar [[r.Tonemapper.GrainQuantization:1]]
[2019.09.25-14.08.13:902][  0]LogConfig: Setting CVar [[r.LightShaftQuality:1]]
[2019.09.25-14.08.13:902][  0]LogConfig: Setting CVar [[r.Filter.SizeScale:1]]
[2019.09.25-14.08.13:902][  0]LogConfig: Setting CVar [[r.Tonemapper.Quality:5]]
[2019.09.25-14.08.13:902][  0]LogConfig: Setting CVar [[r.DOF.Gather.AccumulatorQuality:1        ; higher gathering accumulator quality]]
[2019.09.25-14.08.13:902][  0]LogConfig: Setting CVar [[r.DOF.Gather.PostfilterMethod:1          ; Median3x3 postfilering method]]
[2019.09.25-14.08.13:902][  0]LogConfig: Setting CVar [[r.DOF.Gather.EnableBokehSettings:0       ; no bokeh simulation when gathering]]
[2019.09.25-14.08.13:902][  0]LogConfig: Setting CVar [[r.DOF.Gather.RingCount:4                 ; medium number of samples when gathering]]
[2019.09.25-14.08.13:902][  0]LogConfig: Setting CVar [[r.DOF.Scatter.ForegroundCompositing:1    ; additive foreground scattering]]
[2019.09.25-14.08.13:902][  0]LogConfig: Setting CVar [[r.DOF.Scatter.BackgroundCompositing:2    ; additive background scattering]]
[2019.09.25-14.08.13:902][  0]LogConfig: Setting CVar [[r.DOF.Scatter.EnableBokehSettings:1      ; bokeh simulation when scattering]]
[2019.09.25-14.08.13:902][  0]LogConfig: Setting CVar [[r.DOF.Scatter.MaxSpriteRatio:0.1         ; only a maximum of 10% of scattered bokeh]]
[2019.09.25-14.08.13:902][  0]LogConfig: Setting CVar [[r.DOF.Recombine.Quality:1                ; cheap slight out of focus]]
[2019.09.25-14.08.13:902][  0]LogConfig: Setting CVar [[r.DOF.Recombine.EnableBokehSettings:0    ; no bokeh simulation on slight out of focus]]
[2019.09.25-14.08.13:902][  0]LogConfig: Setting CVar [[r.DOF.TemporalAAQuality:1                ; more stable temporal accumulation]]
[2019.09.25-14.08.13:902][  0]LogConfig: Setting CVar [[r.DOF.Kernel.MaxForegroundRadius:0.025]]
[2019.09.25-14.08.13:902][  0]LogConfig: Setting CVar [[r.DOF.Kernel.MaxBackgroundRadius:0.025]]
[2019.09.25-14.08.13:902][  0]LogConfig: Applying CVar settings from Section [TextureQuality@3] File [E:/Udemy/buildingescape/BT/BattelTank/Saved/Config/Windows/Scalability.ini]
[2019.09.25-14.08.13:902][  0]LogConfig: Setting CVar [[r.Streaming.MipBias:0]]
[2019.09.25-14.08.13:902][  0]LogConfig: Setting CVar [[r.Streaming.AmortizeCPUToGPUCopy:0]]
[2019.09.25-14.08.13:902][  0]LogConfig: Setting CVar [[r.Streaming.MaxNumTexturesToStreamPerFrame:0]]
[2019.09.25-14.08.13:902][  0]LogConfig: Setting CVar [[r.Streaming.Boost:1]]
[2019.09.25-14.08.13:902][  0]LogConfig: Setting CVar [[r.MaxAnisotropy:8]]
[2019.09.25-14.08.13:902][  0]LogConfig: Setting CVar [[r.Streaming.LimitPoolSizeToVRAM:0]]
[2019.09.25-14.08.13:902][  0]LogConfig: Setting CVar [[r.Streaming.PoolSize:1000]]
[2019.09.25-14.08.13:902][  0]LogConfig: Setting CVar [[r.Streaming.MaxEffectiveScreenSize:0]]
[2019.09.25-14.08.13:902][  0]LogConfig: Applying CVar settings from Section [EffectsQuality@3] File [E:/Udemy/buildingescape/BT/BattelTank/Saved/Config/Windows/Scalability.ini]
[2019.09.25-14.08.13:902][  0]LogConfig: Setting CVar [[r.TranslucencyLightingVolumeDim:64]]
[2019.09.25-14.08.13:902][  0]LogConfig: Setting CVar [[r.RefractionQuality:2]]
[2019.09.25-14.08.13:903][  0]LogConfig: Setting CVar [[r.SSR.Quality:3]]
[2019.09.25-14.08.13:903][  0]LogConfig: Setting CVar [[r.SceneColorFormat:4]]
[2019.09.25-14.08.13:903][  0]LogConfig: Setting CVar [[r.DetailMode:2]]
[2019.09.25-14.08.13:903][  0]LogConfig: Setting CVar [[r.TranslucencyVolumeBlur:1]]
[2019.09.25-14.08.13:903][  0]LogConfig: Setting CVar [[r.MaterialQualityLevel:1 ; High quality]]
[2019.09.25-14.08.13:903][  0]LogConfig: Setting CVar [[r.SSS.Scale:1]]
[2019.09.25-14.08.13:903][  0]LogConfig: Setting CVar [[r.SSS.SampleSet:2]]
[2019.09.25-14.08.13:903][  0]LogConfig: Setting CVar [[r.SSS.Quality:1]]
[2019.09.25-14.08.13:903][  0]LogConfig: Setting CVar [[r.SSS.HalfRes:1]]
[2019.09.25-14.08.13:903][  0]LogConfig: Setting CVar [[r.EmitterSpawnRateScale:1.0]]
[2019.09.25-14.08.13:903][  0]LogConfig: Setting CVar [[r.ParticleLightQuality:2]]
[2019.09.25-14.08.13:903][  0]LogConfig: Applying CVar settings from Section [FoliageQuality@3] File [E:/Udemy/buildingescape/BT/BattelTank/Saved/Config/Windows/Scalability.ini]
[2019.09.25-14.08.13:903][  0]LogConfig: Setting CVar [[foliage.DensityScale:1.0]]
[2019.09.25-14.08.13:903][  0]LogConfig: Setting CVar [[grass.DensityScale:1.0]]
[2019.09.25-14.08.13:903][  0]LogInit: Selected Device Profile: [Windows]
[2019.09.25-14.08.13:903][  0]LogInit: Applying CVar settings loaded from the selected device profile: [Windows]
[2019.09.25-14.08.13:930][  0]LogHAL: Display: Platform has ~ 12 GB [12867313664 / 17179869184 / 12], which maps to Larger [LargestMinGB=32, LargerMinGB=12, DefaultMinGB=8, SmallerMinGB=6, SmallestMinGB=0)
[2019.09.25-14.08.13:930][  0]LogConfig: Setting CVar [[r.Vulkan.UseRealUBs:0		; Required until we fix HLR fall-out]]
[2019.09.25-14.08.13:930][  0]LogInit: Going up to parent DeviceProfile []
[2019.09.25-14.08.13:930][  0]LogConfig: Applying CVar settings from Section [ViewDistanceQuality@2] File [E:/Udemy/buildingescape/BT/BattelTank/Saved/Config/Windows/Scalability.ini]
[2019.09.25-14.08.13:930][  0]LogConfig: Setting CVar [[r.SkeletalMeshLODBias:0]]
[2019.09.25-14.08.13:930][  0]LogConfig: Setting CVar [[r.ViewDistanceScale:0.8]]
[2019.09.25-14.08.13:930][  0]LogConfig: Applying CVar settings from Section [AntiAliasingQuality@2] File [E:/Udemy/buildingescape/BT/BattelTank/Saved/Config/Windows/Scalability.ini]
[2019.09.25-14.08.13:930][  0]LogConfig: Setting CVar [[r.PostProcessAAQuality:3]]
[2019.09.25-14.08.13:930][  0]LogConfig: Applying CVar settings from Section [ShadowQuality@2] File [E:/Udemy/buildingescape/BT/BattelTank/Saved/Config/Windows/Scalability.ini]
[2019.09.25-14.08.13:930][  0]LogConfig: Setting CVar [[r.LightFunctionQuality:1]]
[2019.09.25-14.08.13:930][  0]LogConfig: Setting CVar [[r.ShadowQuality:5]]
[2019.09.25-14.08.13:930][  0]LogConfig: Setting CVar [[r.Shadow.CSM.MaxCascades:4]]
[2019.09.25-14.08.13:930][  0]LogConfig: Setting CVar [[r.Shadow.MaxResolution:1024]]
[2019.09.25-14.08.13:930][  0]LogConfig: Setting CVar [[r.Shadow.MaxCSMResolution:2048]]
[2019.09.25-14.08.13:930][  0]LogConfig: Setting CVar [[r.Shadow.RadiusThreshold:0.04]]
[2019.09.25-14.08.13:930][  0]LogConfig: Setting CVar [[r.Shadow.DistanceScale:0.85]]
[2019.09.25-14.08.13:930][  0]LogConfig: Setting CVar [[r.Shadow.CSM.TransitionScale:0.8]]
[2019.09.25-14.08.13:930][  0]LogConfig: Setting CVar [[r.Shadow.PreShadowResolutionFactor:0.5]]
[2019.09.25-14.08.13:930][  0]LogConfig: Setting CVar [[r.DistanceFieldShadowing:1]]
[2019.09.25-14.08.13:930][  0]LogConfig: Setting CVar [[r.DistanceFieldAO:1]]
[2019.09.25-14.08.13:930][  0]LogConfig: Setting CVar [[r.AOQuality:1]]
[2019.09.25-14.08.13:930][  0]LogConfig: Setting CVar [[r.VolumetricFog:1]]
[2019.09.25-14.08.13:930][  0]LogConfig: Setting CVar [[r.VolumetricFog.GridPixelSize:16]]
[2019.09.25-14.08.13:930][  0]LogConfig: Setting CVar [[r.VolumetricFog.GridSizeZ:64]]
[2019.09.25-14.08.13:930][  0]LogConfig: Setting CVar [[r.VolumetricFog.HistoryMissSupersampleCount:4]]
[2019.09.25-14.08.13:931][  0]LogConfig: Setting CVar [[r.LightMaxDrawDistanceScale:1]]
[2019.09.25-14.08.13:931][  0]LogConfig: Setting CVar [[r.CapsuleShadows:1]]
[2019.09.25-14.08.13:931][  0]LogConfig: Applying CVar settings from Section [PostProcessQuality@2] File [E:/Udemy/buildingescape/BT/BattelTank/Saved/Config/Windows/Scalability.ini]
[2019.09.25-14.08.13:931][  0]LogConfig: Setting CVar [[r.MotionBlurQuality:3]]
[2019.09.25-14.08.13:931][  0]LogConfig: Setting CVar [[r.AmbientOcclusionMipLevelFactor:0.6]]
[2019.09.25-14.08.13:931][  0]LogConfig: Setting CVar [[r.AmbientOcclusionMaxQuality:100]]
[2019.09.25-14.08.13:931][  0]LogConfig: Setting CVar [[r.AmbientOcclusionLevels:-1]]
[2019.09.25-14.08.13:931][  0]LogConfig: Setting CVar [[r.AmbientOcclusionRadiusScale:1.5]]
[2019.09.25-14.08.13:931][  0]LogConfig: Setting CVar [[r.DepthOfFieldQuality:2]]
[2019.09.25-14.08.13:931][  0]LogConfig: Setting CVar [[r.RenderTargetPoolMin:400]]
[2019.09.25-14.08.13:931][  0]LogConfig: Setting CVar [[r.LensFlareQuality:2]]
[2019.09.25-14.08.13:931][  0]LogConfig: Setting CVar [[r.SceneColorFringeQuality:1]]
[2019.09.25-14.08.13:931][  0]LogConfig: Setting CVar [[r.EyeAdaptationQuality:2]]
[2019.09.25-14.08.13:931][  0]LogConfig: Setting CVar [[r.BloomQuality:5]]
[2019.09.25-14.08.13:931][  0]LogConfig: Setting CVar [[r.FastBlurThreshold:3]]
[2019.09.25-14.08.13:931][  0]LogConfig: Setting CVar [[r.Upscale.Quality:2]]
[2019.09.25-14.08.13:931][  0]LogConfig: Setting CVar [[r.Tonemapper.GrainQuantization:1]]
[2019.09.25-14.08.13:931][  0]LogConfig: Setting CVar [[r.LightShaftQuality:1]]
[2019.09.25-14.08.13:931][  0]LogConfig: Setting CVar [[r.Filter.SizeScale:0.8]]
[2019.09.25-14.08.13:931][  0]LogConfig: Setting CVar [[r.Tonemapper.Quality:5]]
[2019.09.25-14.08.13:931][  0]LogConfig: Setting CVar [[r.DOF.Gather.AccumulatorQuality:0        ; lower gathering accumulator quality]]
[2019.09.25-14.08.13:931][  0]LogConfig: Setting CVar [[r.DOF.Gather.PostfilterMethod:2          ; Max3x3 postfilering method]]
[2019.09.25-14.08.13:931][  0]LogConfig: Setting CVar [[r.DOF.Gather.EnableBokehSettings:0       ; no bokeh simulation when gathering]]
[2019.09.25-14.08.13:931][  0]LogConfig: Setting CVar [[r.DOF.Gather.RingCount:4                 ; medium number of samples when gathering]]
[2019.09.25-14.08.13:931][  0]LogConfig: Setting CVar [[r.DOF.Scatter.ForegroundCompositing:1    ; additive foreground scattering]]
[2019.09.25-14.08.13:931][  0]LogConfig: Setting CVar [[r.DOF.Scatter.BackgroundCompositing:1    ; no background occlusion]]
[2019.09.25-14.08.13:931][  0]LogConfig: Setting CVar [[r.DOF.Scatter.EnableBokehSettings:0      ; no bokeh simulation when scattering]]
[2019.09.25-14.08.13:931][  0]LogConfig: Setting CVar [[r.DOF.Scatter.MaxSpriteRatio:0.04        ; only a maximum of 4% of scattered bokeh]]
[2019.09.25-14.08.13:931][  0]LogConfig: Setting CVar [[r.DOF.Recombine.Quality:0                ; no slight out of focus]]
[2019.09.25-14.08.13:931][  0]LogConfig: Setting CVar [[r.DOF.TemporalAAQuality:0                ; faster temporal accumulation]]
[2019.09.25-14.08.13:931][  0]LogConfig: Setting CVar [[r.DOF.Kernel.MaxForegroundRadius:0.012   ; required because of AccumulatorQuality=0]]
[2019.09.25-14.08.13:931][  0]LogConfig: Setting CVar [[r.DOF.Kernel.MaxBackgroundRadius:0.012   ; required because of AccumulatorQuality=0]]
[2019.09.25-14.08.13:931][  0]LogConfig: Applying CVar settings from Section [TextureQuality@2] File [E:/Udemy/buildingescape/BT/BattelTank/Saved/Config/Windows/Scalability.ini]
[2019.09.25-14.08.13:931][  0]LogConfig: Setting CVar [[r.Streaming.MipBias:0]]
[2019.09.25-14.08.13:931][  0]LogConfig: Setting CVar [[r.Streaming.AmortizeCPUToGPUCopy:0]]
[2019.09.25-14.08.13:931][  0]LogConfig: Setting CVar [[r.Streaming.MaxNumTexturesToStreamPerFrame:0]]
[2019.09.25-14.08.13:931][  0]LogConfig: Setting CVar [[r.Streaming.Boost:1]]
[2019.09.25-14.08.13:931][  0]LogConfig: Setting CVar [[r.MaxAnisotropy:4]]
[2019.09.25-14.08.13:931][  0]LogConfig: Setting CVar [[r.Streaming.LimitPoolSizeToVRAM:1]]
[2019.09.25-14.08.13:931][  0]LogConfig: Setting CVar [[r.Streaming.PoolSize:800]]
[2019.09.25-14.08.13:931][  0]LogConfig: Setting CVar [[r.Streaming.MaxEffectiveScreenSize:0]]
[2019.09.25-14.08.13:931][  0]LogConfig: Applying CVar settings from Section [EffectsQuality@2] File [E:/Udemy/buildingescape/BT/BattelTank/Saved/Config/Windows/Scalability.ini]
[2019.09.25-14.08.13:931][  0]LogConfig: Setting CVar [[r.TranslucencyLightingVolumeDim:48]]
[2019.09.25-14.08.13:931][  0]LogConfig: Setting CVar [[r.RefractionQuality:2]]
[2019.09.25-14.08.13:931][  0]LogConfig: Setting CVar [[r.SSR.Quality:2]]
[2019.09.25-14.08.13:931][  0]LogConfig: Setting CVar [[r.SceneColorFormat:3]]
[2019.09.25-14.08.13:931][  0]LogConfig: Setting CVar [[r.DetailMode:1]]
[2019.09.25-14.08.13:931][  0]LogConfig: Setting CVar [[r.TranslucencyVolumeBlur:1]]
[2019.09.25-14.08.13:931][  0]LogConfig: Setting CVar [[r.MaterialQualityLevel:1 ; High quality]]
[2019.09.25-14.08.13:931][  0]LogConfig: Setting CVar [[r.SSS.Scale:1]]
[2019.09.25-14.08.13:931][  0]LogConfig: Setting CVar [[r.SSS.SampleSet:1]]
[2019.09.25-14.08.13:931][  0]LogConfig: Setting CVar [[r.SSS.Quality:-1]]
[2019.09.25-14.08.13:931][  0]LogConfig: Setting CVar [[r.SSS.HalfRes:1]]
[2019.09.25-14.08.13:931][  0]LogConfig: Setting CVar [[r.EmitterSpawnRateScale:0.5]]
[2019.09.25-14.08.13:931][  0]LogConfig: Setting CVar [[r.ParticleLightQuality:1]]
[2019.09.25-14.08.13:931][  0]LogConfig: Applying CVar settings from Section [FoliageQuality@2] File [E:/Udemy/buildingescape/BT/BattelTank/Saved/Config/Windows/Scalability.ini]
[2019.09.25-14.08.13:931][  0]LogConfig: Setting CVar [[foliage.DensityScale:0.8]]
[2019.09.25-14.08.13:931][  0]LogConfig: Setting CVar [[grass.DensityScale:0.8]]
[2019.09.25-14.08.13:931][  0]LogConfig: Applying CVar settings from Section [Startup] File [../../../Engine/Config/ConsoleVariables.ini]
[2019.09.25-14.08.13:932][  0]LogConfig: Setting CVar [[net.UseAdaptiveNetUpdateFrequency:0]]
[2019.09.25-14.08.13:932][  0]LogConfig: Setting CVar [[p.chaos.AllowCreatePhysxBodies:1]]
[2019.09.25-14.08.13:932][  0]LogConfig: Applying CVar settings from Section [ConsoleVariables] File [E:/Udemy/buildingescape/BT/BattelTank/Saved/Config/Windows/Engine.ini]
[2019.09.25-14.08.13:932][  0]LogInit: Computer: COMPUTER
[2019.09.25-14.08.13:932][  0]LogInit: User: Happy
[2019.09.25-14.08.13:932][  0]LogInit: CPU Page size=4096, Cores=4
[2019.09.25-14.08.13:932][  0]LogInit: High frequency timer resolution =10.000000 MHz
[2019.09.25-14.08.13:932][  0]LogMemory: Memory total: Physical=12.0GB (12GB approx)
[2019.09.25-14.08.13:932][  0]LogMemory: Platform Memory Stats for Windows
[2019.09.25-14.08.13:932][  0]LogMemory: Process Physical Memory: 100.85 MB used, 100.85 MB peak
[2019.09.25-14.08.13:932][  0]LogMemory: Process Virtual Memory: 90.27 MB used, 90.27 MB peak
[2019.09.25-14.08.13:932][  0]LogMemory: Physical Memory: 4826.00 MB used,  7445.23 MB free, 12271.23 MB total
[2019.09.25-14.08.13:932][  0]LogMemory: Virtual Memory: 4646.19 MB used,  134213080.00 MB free, 134217728.00 MB total
[2019.09.25-14.08.13:951][  0]LogInit: Using OS detected language (ru-RU).
[2019.09.25-14.08.13:951][  0]LogInit: Using OS detected locale (ru-RU).
[2019.09.25-14.08.13:952][  0]LogTextLocalizationManager: No specific localization for 'ru-RU' exists, so the 'ru' localization will be used.
[2019.09.25-14.08.13:953][  0]LogTextLocalizationResource: LocRes '../../../Engine/Content/Localization/Editor/ru/Editor.locres' could not be opened for reading!
[2019.09.25-14.08.13:953][  0]LogTextLocalizationResource: LocRes '../../../Engine/Content/Localization/EditorTutorials/ru/EditorTutorials.locres' could not be opened for reading!
[2019.09.25-14.08.13:953][  0]LogTextLocalizationResource: LocRes '../../../Engine/Content/Localization/Keywords/ru/Keywords.locres' could not be opened for reading!
[2019.09.25-14.08.13:953][  0]LogTextLocalizationResource: LocRes '../../../Engine/Content/Localization/Category/ru/Category.locres' could not be opened for reading!
[2019.09.25-14.08.13:953][  0]LogTextLocalizationResource: LocRes '../../../Engine/Content/Localization/ToolTips/ru/ToolTips.locres' could not be opened for reading!
[2019.09.25-14.08.13:953][  0]LogTextLocalizationResource: LocRes '../../../Engine/Content/Localization/PropertyNames/ru/PropertyNames.locres' could not be opened for reading!
[2019.09.25-14.08.13:954][  0]LogTextLocalizationResource: LocRes '../../../Engine/Content/Localization/Engine/ru/Engine.locres' could not be opened for reading!
[2019.09.25-14.08.13:955][  0]LogInit: Setting process to per monitor DPI aware
[2019.09.25-14.08.13:980][  0]LogSlate: New Slate User Created.  User Index 0, Is Virtual User: 0
[2019.09.25-14.08.13:980][  0]LogSlate: Slate User Registered.  User Index 0, Is Virtual User: 0
[2019.09.25-14.08.14:169][  0]LogHMD: Failed to initialize OpenVR with code 110
[2019.09.25-14.08.14:169][  0]LogD3D11RHI: D3D11 adapters:
[2019.09.25-14.08.14:242][  0]LogD3D11RHI:    0. 'NVIDIA GeForce GTX 1050 Ti' (Feature Level 11_0)
[2019.09.25-14.08.14:242][  0]LogD3D11RHI:       4018/0/6135 MB DedicatedVideo/DedicatedSystem/SharedSystem, Outputs:1, VendorId:0x10de
[2019.09.25-14.08.14:245][  0]LogD3D11RHI:    1. 'Microsoft Basic Render Driver' (Feature Level 11_0)
[2019.09.25-14.08.14:245][  0]LogD3D11RHI:       0/0/6135 MB DedicatedVideo/DedicatedSystem/SharedSystem, Outputs:0, VendorId:0x1414
[2019.09.25-14.08.14:245][  0]LogD3D11RHI: Chosen D3D11 Adapter: 0
[2019.09.25-14.08.14:252][  0]LogD3D11RHI: Creating new Direct3DDevice
[2019.09.25-14.08.14:252][  0]LogD3D11RHI:     GPU DeviceId: 0x1c82 (for the marketing name, search the web for "GPU Device Id")
[2019.09.25-14.08.14:252][  0]LogWindows: EnumDisplayDevices:
[2019.09.25-14.08.14:252][  0]LogWindows:    0. 'NVIDIA GeForce GTX 1050 Ti' (P:1 D:1)
[2019.09.25-14.08.14:252][  0]LogWindows:    1. 'NVIDIA GeForce GTX 1050 Ti' (P:0 D:0)
[2019.09.25-14.08.14:252][  0]LogWindows:    2. 'NVIDIA GeForce GTX 1050 Ti' (P:0 D:0)
[2019.09.25-14.08.14:253][  0]LogWindows:    3. 'NVIDIA GeForce GTX 1050 Ti' (P:0 D:0)
[2019.09.25-14.08.14:253][  0]LogWindows: DebugString: FoundDriverCount:4 
[2019.09.25-14.08.14:253][  0]LogD3D11RHI:     Adapter Name: NVIDIA GeForce GTX 1050 Ti
[2019.09.25-14.08.14:253][  0]LogD3D11RHI:   Driver Version: 436.30 (internal:26.21.14.3630, unified:436.30)
[2019.09.25-14.08.14:253][  0]LogD3D11RHI:      Driver Date: 9-5-2019
[2019.09.25-14.08.14:253][  0]LogRHI: Texture pool is 2812 MB (70% of 4018 MB)
[2019.09.25-14.08.14:304][  0]LogD3D11RHI: Async texture creation enabled
[2019.09.25-14.08.14:313][  0]LogRendererCore: FGlobalReadBuffer::InitRHI
[2019.09.25-14.08.14:314][  0]LogRendererCore: FGlobalReadBuffer::InitRHI
[2019.09.25-14.08.14:314][  0]LogRendererCore: FGlobalReadBuffer::InitRHI
[2019.09.25-14.08.14:322][  0]LogD3D11RHI: GPU Timing Frequency: 1000.000000 (Debug: 2 1)
[2019.09.25-14.08.14:698][  0]LogTemp: Display: Module 'AllDesktopTargetPlatform' loaded TargetPlatform 'AllDesktop'
[2019.09.25-14.08.14:716][  0]LogTemp: Display: Module 'MacClientTargetPlatform' loaded TargetPlatform 'MacClient'
[2019.09.25-14.08.14:735][  0]LogTemp: Display: Module 'MacNoEditorTargetPlatform' loaded TargetPlatform 'MacNoEditor'
[2019.09.25-14.08.14:753][  0]LogTemp: Display: Module 'MacServerTargetPlatform' loaded TargetPlatform 'MacServer'
[2019.09.25-14.08.14:772][  0]LogTemp: Display: Module 'MacTargetPlatform' loaded TargetPlatform 'Mac'
[2019.09.25-14.08.14:790][  0]LogTemp: Display: Module 'WindowsClientTargetPlatform' loaded TargetPlatform 'WindowsClient'
[2019.09.25-14.08.14:808][  0]LogTemp: Display: Module 'WindowsNoEditorTargetPlatform' loaded TargetPlatform 'WindowsNoEditor'
[2019.09.25-14.08.14:828][  0]LogTemp: Display: Module 'WindowsServerTargetPlatform' loaded TargetPlatform 'WindowsServer'
[2019.09.25-14.08.14:836][  0]LogTemp: Display: Module 'WindowsTargetPlatform' loaded TargetPlatform 'Windows'
[2019.09.25-14.08.14:946][  0]LogTemp: Display: Module 'AndroidTargetPlatform' loaded TargetPlatform 'Android'
[2019.09.25-14.08.14:946][  0]LogTemp: Display: Module 'AndroidTargetPlatform' loaded TargetPlatform 'Android_ASTC'
[2019.09.25-14.08.14:946][  0]LogTemp: Display: Module 'AndroidTargetPlatform' loaded TargetPlatform 'Android_ATC'
[2019.09.25-14.08.14:946][  0]LogTemp: Display: Module 'AndroidTargetPlatform' loaded TargetPlatform 'Android_DXT'
[2019.09.25-14.08.14:946][  0]LogTemp: Display: Module 'AndroidTargetPlatform' loaded TargetPlatform 'Android_ETC1'
[2019.09.25-14.08.14:946][  0]LogTemp: Display: Module 'AndroidTargetPlatform' loaded TargetPlatform 'Android_ETC1a'
[2019.09.25-14.08.14:946][  0]LogTemp: Display: Module 'AndroidTargetPlatform' loaded TargetPlatform 'Android_ETC2'
[2019.09.25-14.08.14:946][  0]LogTemp: Display: Module 'AndroidTargetPlatform' loaded TargetPlatform 'Android_PVRTC'
[2019.09.25-14.08.14:946][  0]LogTemp: Display: Module 'AndroidTargetPlatform' loaded TargetPlatform 'AndroidClient'
[2019.09.25-14.08.14:946][  0]LogTemp: Display: Module 'AndroidTargetPlatform' loaded TargetPlatform 'Android_ASTCClient'
[2019.09.25-14.08.14:946][  0]LogTemp: Display: Module 'AndroidTargetPlatform' loaded TargetPlatform 'Android_ATCClient'
[2019.09.25-14.08.14:946][  0]LogTemp: Display: Module 'AndroidTargetPlatform' loaded TargetPlatform 'Android_DXTClient'
[2019.09.25-14.08.14:946][  0]LogTemp: Display: Module 'AndroidTargetPlatform' loaded TargetPlatform 'Android_ETC1Client'
[2019.09.25-14.08.14:946][  0]LogTemp: Display: Module 'AndroidTargetPlatform' loaded TargetPlatform 'Android_ETC1aClient'
[2019.09.25-14.08.14:946][  0]LogTemp: Display: Module 'AndroidTargetPlatform' loaded TargetPlatform 'Android_ETC2Client'
[2019.09.25-14.08.14:946][  0]LogTemp: Display: Module 'AndroidTargetPlatform' loaded TargetPlatform 'Android_PVRTCClient'
[2019.09.25-14.08.14:946][  0]LogTemp: Display: Module 'AndroidTargetPlatform' loaded TargetPlatform 'Android_Multi'
[2019.09.25-14.08.14:946][  0]LogTemp: Display: Module 'AndroidTargetPlatform' loaded TargetPlatform 'Android_MultiClient'
[2019.09.25-14.08.14:948][  0]LogTemp: Display: Module 'HTML5TargetPlatform' loaded TargetPlatform 'HTML5'
[2019.09.25-14.08.15:005][  0]LogTemp: Display: Module 'IOSTargetPlatform' loaded TargetPlatform 'IOSClient'
[2019.09.25-14.08.15:005][  0]LogTemp: Display: Module 'IOSTargetPlatform' loaded TargetPlatform 'IOS'
[2019.09.25-14.08.15:037][  0]LogTemp: Display: Module 'TVOSTargetPlatform' loaded TargetPlatform 'TVOSClient'
[2019.09.25-14.08.15:037][  0]LogTemp: Display: Module 'TVOSTargetPlatform' loaded TargetPlatform 'TVOS'
[2019.09.25-14.08.15:053][  0]LogTemp: Display: Module 'LinuxClientTargetPlatform' loaded TargetPlatform 'LinuxClient'
[2019.09.25-14.08.15:070][  0]LogTemp: Display: Module 'LinuxNoEditorTargetPlatform' loaded TargetPlatform 'LinuxNoEditor'
[2019.09.25-14.08.15:086][  0]LogTemp: Display: Module 'LinuxServerTargetPlatform' loaded TargetPlatform 'LinuxServer'
[2019.09.25-14.08.15:103][  0]LogTemp: Display: Module 'LinuxTargetPlatform' loaded TargetPlatform 'Linux'
[2019.09.25-14.08.15:165][  0]LogTemp: Display: Module 'LuminTargetPlatform' loaded TargetPlatform 'Lumin'
[2019.09.25-14.08.15:165][  0]LogTemp: Display: Module 'LuminTargetPlatform' loaded TargetPlatform 'LuminClient'
[2019.09.25-14.08.15:165][  0]LogTargetPlatformManager: Display: Building Assets For Windows
[2019.09.25-14.08.15:175][  0]LogAudioDebug: Display: Lib vorbis DLL was dynamically loaded.
[2019.09.25-14.08.15:227][  0]LogShaderCompilers: Guid format shader working directory is 9 characters bigger than the processId version (E:/Udemy/buildingescape/BT/BattelTank/Intermediate/Shaders/WorkingDirectory/9532/).
[2019.09.25-14.08.15:228][  0]LogShaderCompilers: Cleaned the shader compiler working directory 'C:/Users/Happy/AppData/Local/Temp/UnrealShaderWorkingDir/7EB6E1A8455C3062953D53AC42DB3724/'.
[2019.09.25-14.08.15:231][  0]LogXGEController: Cannot use XGE Controller as Incredibuild is not installed on this machine.
[2019.09.25-14.08.15:231][  0]LogShaderCompilers: Cannot use XGE Shader Compiler as Incredibuild is not installed on this machine.
[2019.09.25-14.08.15:231][  0]LogShaderCompilers: Display: Using Local Shader Compiler.
[2019.09.25-14.08.16:025][  0]LogDerivedDataCache: Display: Max Cache Size: 512 MB
[2019.09.25-14.08.16:089][  0]LogDerivedDataCache: Loaded boot cache 0.06s 71MB C:/Users/Happy/AppData/Local/UnrealEngine/4.22/DerivedDataCache/Boot.ddc.
[2019.09.25-14.08.16:089][  0]LogDerivedDataCache: Display: Loaded Boot cache: C:/Users/Happy/AppData/Local/UnrealEngine/4.22/DerivedDataCache/Boot.ddc
[2019.09.25-14.08.16:089][  0]LogDerivedDataCache: FDerivedDataBackendGraph:  Pak pak cache file E:/Udemy/buildingescape/BT/BattelTank/DerivedDataCache/DDC.ddp not found, will not use a pak cache.
[2019.09.25-14.08.16:089][  0]LogDerivedDataCache: Unable to find inner node Pak for hierarchical cache Hierarchy.
[2019.09.25-14.08.16:089][  0]LogDerivedDataCache: FDerivedDataBackendGraph:  CompressedPak pak cache file E:/Udemy/buildingescape/BT/BattelTank/DerivedDataCache/Compressed.ddp not found, will not use a pak cache.
[2019.09.25-14.08.16:089][  0]LogDerivedDataCache: Unable to find inner node CompressedPak for hierarchical cache Hierarchy.
[2019.09.25-14.08.16:105][  0]LogDerivedDataCache: Display: Pak cache opened for reading ../../../Engine/DerivedDataCache/Compressed.ddp.
[2019.09.25-14.08.16:105][  0]LogDerivedDataCache: FDerivedDataBackendGraph:  EnterprisePak pak cache file ../../../Enterprise/DerivedDataCache/Compressed.ddp not found, will not use a pak cache.
[2019.09.25-14.08.16:105][  0]LogDerivedDataCache: Unable to find inner node EnterprisePak for hierarchical cache Hierarchy.
[2019.09.25-14.08.16:117][  0]LogDerivedDataCache: Using Local data cache path C:/Users/Happy/AppData/Local/UnrealEngine/Common/DerivedDataCache: Writable
[2019.09.25-14.08.16:117][  0]LogDerivedDataCache: Shared data cache path not found in *engine.ini, will not use an Shared cache.
[2019.09.25-14.08.16:117][  0]LogDerivedDataCache: Unable to find inner node Shared for hierarchical cache Hierarchy.
[2019.09.25-14.08.16:147][  0]LogMaterial: Verifying Global Shaders for PCD3D_SM5
[2019.09.25-14.08.16:149][  0]LogSlate: Using FreeType 2.6.0
[2019.09.25-14.08.16:149][  0]LogSlate: SlateFontServices - WITH_FREETYPE: 1, WITH_HARFBUZZ: 1
[2019.09.25-14.08.16:248][  0]LogAssetRegistry: FAssetRegistry took 0.0381 seconds to start up
[2019.09.25-14.08.16:714][  0]LogInit: Selected Device Profile: [Windows]
[2019.09.25-14.08.16:884][  0]LogMeshReduction: Using QuadricMeshReduction for automatic static mesh reduction
[2019.09.25-14.08.16:884][  0]LogMeshReduction: Using SimplygonMeshReduction for automatic skeletal mesh reduction
[2019.09.25-14.08.16:884][  0]LogMeshReduction: Using ProxyLODMeshReduction for automatic mesh merging
[2019.09.25-14.08.16:884][  0]LogMeshReduction: No distributed automatic mesh merging module available
[2019.09.25-14.08.16:884][  0]LogMeshMerging: No distributed automatic mesh merging module available
[2019.09.25-14.08.16:902][  0]LogNetVersion: BattelTank 1.0.0, NetCL: 5660361, EngineNetVer: 10, GameNetVer: 0 (Checksum: 3957860822)
[2019.09.25-14.08.17:410][  0]LogPackageLocalizationCache: Processed 10 localized package path(s) for 1 prioritized culture(s) in 0.056621 seconds
[2019.09.25-14.08.17:419][  0]LogUObjectArray: 42205 objects as part of root set at end of initial load.
[2019.09.25-14.08.17:419][  0]LogUObjectAllocator: 7325032 out of 0 bytes used by permanent object pool.
[2019.09.25-14.08.17:419][  0]LogUObjectArray: CloseDisregardForGC: 0/0 objects in disregard for GC pool
[2019.09.25-14.08.18:416][  0]LogTcpMessaging: Initializing TcpMessaging bridge
[2019.09.25-14.08.18:430][  0]LogUdpMessaging: Initializing bridge on interface 0.0.0.0:0 to multicast group 230.0.0.1:6666.
[2019.09.25-14.08.18:573][  0]SourceControl: Source control is disabled
[2019.09.25-14.08.18:573][  0]SourceControl: Source control is disabled
[2019.09.25-14.08.18:575][  0]SourceControl: Source control is disabled
[2019.09.25-14.08.18:576][  0]SourceControl: Source control is disabled
[2019.09.25-14.08.18:660][  0]LogAndroidPermission: UAndroidPermissionCallbackProxy::GetInstance
[2019.09.25-14.08.18:741][  0]LogOcInput: OculusInput pre-init called
[2019.09.25-14.08.19:541][  0]LogEngine: Initializing Engine...
[2019.09.25-14.08.19:542][  0]LogHMD: Failed to initialize OpenVR with code 110
[2019.09.25-14.08.19:543][  0]LogStats: UGameplayTagsManager::InitializeManager -  0.000 s
[2019.09.25-14.08.19:825][  0]LogInit: Initializing FReadOnlyCVARCache
[2019.09.25-14.08.19:841][  0]LogAIModule: Creating AISystem for world Untitled
[2019.09.25-14.08.19:859][  0]LogInit: XAudio2 using 'Динамики (Realtek High Definition Audio)' : 2 channels at 48 kHz using 32 bits per sample (channel mask 0x3)
[2019.09.25-14.08.19:878][  0]LogInit: FAudioDevice initialized.
[2019.09.25-14.08.19:879][  0]LogNetVersion: Set ProjectVersion to 1.0.0.0. Version Checksum will be recalculated on next use.
[2019.09.25-14.08.20:859][  0]LogDerivedDataCache: Saved boot cache 0.98s 71MB C:/Users/Happy/AppData/Local/UnrealEngine/4.22/DerivedDataCache/Boot.ddc.
[2019.09.25-14.08.20:866][  0]LogInit: Texture streaming: Enabled
[2019.09.25-14.08.20:888][  0]LogEngineSessionManager: EngineSessionManager initialized
[2019.09.25-14.08.20:968][  0]LogInit: Transaction tracking system initialized
[2019.09.25-14.08.20:999][  0]BlueprintLog: New page: Editor Load
[2019.09.25-14.08.21:098][  0]LocalizationService: Localization service is disabled
[2019.09.25-14.08.21:471][  0]LogFileCache: Scanning file cache for directory 'E:/Udemy/buildingescape/BT/BattelTank/Content/' took 0.01s
[2019.09.25-14.08.21:471][  0]LogCook: Display: Max memory allowance for cook 16384mb min free memory 0mb
[2019.09.25-14.08.21:471][  0]LogCook: Display: Mobile HDR setting 1
[2019.09.25-14.08.21:564][  0]LogLinker: Warning: Can't find file '/Game/terrain/physics/water'
[2019.09.25-14.08.21:564][  0]LogLinker: Warning: Can't find file for asset '/Game/terrain/physics/water' while loading NULL.
[2019.09.25-14.08.21:564][  0]LogLinker: Warning: Can't find file '/Game/terrain/physics/water'
[2019.09.25-14.08.21:564][  0]LogLinker: Warning: Can't find file for asset '/Game/terrain/physics/water' while loading NULL.
[2019.09.25-14.08.21:565][  0]LogLinker: Warning: Can't find file '/Game/terrain/physics/water'
[2019.09.25-14.08.21:565][  0]LoadErrors: Failed to load /Game/terrain/physics/water.water Referenced by BodySetup_0
[2019.09.25-14.08.21:565][  0]LogLinker: Warning: Can't find file for asset '/Game/terrain/physics/water' while loading NULL.
[2019.09.25-14.08.21:680][  0]SourceControl: Source control is disabled
[2019.09.25-14.08.21:680][  0]Cmd: MAP LOAD FILE="E:/Udemy/buildingescape/BT/BattelTank/Content/Level/BattrlGround.umap" TEMPLATE=0 SHOWPROGRESS=1 FEATURELEVEL=3
[2019.09.25-14.08.21:681][  0]LightingResults: New page: Lighting Build
[2019.09.25-14.08.21:684][  0]MapCheck: New page: Map Check
[2019.09.25-14.08.21:684][  0]LightingResults: New page: Lighting Build
[2019.09.25-14.08.21:714][  0]LogUObjectHash: Compacting FUObjectHashTables data took   2.36ms
[2019.09.25-14.08.24:898][  0]LogAIModule: Creating AISystem for world BattrlGround
[2019.09.25-14.08.25:157][  0]LogEditorServer: Finished looking for orphan Actors (0.000 secs)
[2019.09.25-14.08.25:187][  0]LogUObjectHash: Compacting FUObjectHashTables data took   3.11ms
[2019.09.25-14.08.25:187][  0]Cmd: MAP CHECKDEP NOCLEARLOG
[2019.09.25-14.08.25:187][  0]MapCheck: Map check complete: 0 Error(s), 0 Warning(s), took 0,113ms to complete.
[2019.09.25-14.08.25:187][  0]LogFileHelpers: Loading map 'BattrlGround' took 3.507
[2019.09.25-14.08.25:324][  0]LogSlate: Updating window title bar state: overlay mode, drag disabled, window buttons hidden, title bar hidden
[2019.09.25-14.08.25:336][  0]LogSlate: Updating window title bar state: overlay mode, drag disabled, window buttons hidden, title bar hidden
[2019.09.25-14.08.25:347][  0]LogSlate: Updating window title bar state: overlay mode, drag disabled, window buttons hidden, title bar hidden
[2019.09.25-14.08.25:357][  0]LogSlate: Updating window title bar state: overlay mode, drag disabled, window buttons hidden, title bar hidden
[2019.09.25-14.08.25:370][  0]LogCollectionManager: Loaded 0 collections in 0.001789 seconds
[2019.09.25-14.08.25:414][  0]LogFileCache: Scanning file cache for directory 'E:/Udemy/buildingescape/BT/BattelTank/Saved/Collections/' took 0.01s
[2019.09.25-14.08.25:414][  0]LogFileCache: Scanning file cache for directory 'E:/Udemy/buildingescape/BT/BattelTank/Content/Developers/Happy/Collections/' took 0.00s
[2019.09.25-14.08.25:414][  0]LogFileCache: Scanning file cache for directory 'E:/Udemy/buildingescape/BT/BattelTank/Content/Collections/' took 0.01s
[2019.09.25-14.08.25:414][  0]LogCollectionManager: Rebuilt the GUID cache for 0 collections in 0.000001 seconds
[2019.09.25-14.08.25:429][  0]LogContentBrowser: Native class hierarchy populated in 0.0132 seconds. Added 2738 classes and 661 folders.
[2019.09.25-14.08.25:443][  0]LogContentBrowser: Native class hierarchy updated for 'WidgetCarousel' in 0.0004 seconds. Added 0 classes and 0 folders.
[2019.09.25-14.08.25:447][  0]LogPakFile: Registered encryption key '00000000000000000000000000000000': 0 pak files mounted, 0 remain pending
[2019.09.25-14.08.25:451][  0]LogPakFile: Registered encryption key '00000000000000000000000000000000': 0 pak files mounted, 0 remain pending
[2019.09.25-14.08.25:453][  0]LogPakFile: Registered encryption key '00000000000000000000000000000000': 0 pak files mounted, 0 remain pending
[2019.09.25-14.08.25:454][  0]LogPakFile: Registered encryption key '00000000000000000000000000000000': 0 pak files mounted, 0 remain pending
[2019.09.25-14.08.25:456][  0]LogPakFile: Registered encryption key '00000000000000000000000000000000': 0 pak files mounted, 0 remain pending
[2019.09.25-14.08.25:458][  0]LogPakFile: Registered encryption key '00000000000000000000000000000000': 0 pak files mounted, 0 remain pending
[2019.09.25-14.08.25:459][  0]LogPakFile: Registered encryption key '00000000000000000000000000000000': 0 pak files mounted, 0 remain pending
[2019.09.25-14.08.25:461][  0]LogPakFile: Registered encryption key '00000000000000000000000000000000': 0 pak files mounted, 0 remain pending
[2019.09.25-14.08.25:463][  0]LogPakFile: Registered encryption key '00000000000000000000000000000000': 0 pak files mounted, 0 remain pending
[2019.09.25-14.08.25:464][  0]LogPakFile: Registered encryption key '00000000000000000000000000000000': 0 pak files mounted, 0 remain pending
[2019.09.25-14.08.25:466][  0]LogPakFile: Registered encryption key '00000000000000000000000000000000': 0 pak files mounted, 0 remain pending
[2019.09.25-14.08.25:467][  0]LogPakFile: Registered encryption key '00000000000000000000000000000000': 0 pak files mounted, 0 remain pending
[2019.09.25-14.08.25:469][  0]LogPakFile: Registered encryption key '00000000000000000000000000000000': 0 pak files mounted, 0 remain pending
[2019.09.25-14.08.25:471][  0]LogPakFile: Registered encryption key '00000000000000000000000000000000': 0 pak files mounted, 0 remain pending
[2019.09.25-14.08.25:472][  0]LogPakFile: Registered encryption key '00000000000000000000000000000000': 0 pak files mounted, 0 remain pending
[2019.09.25-14.08.25:473][  0]LogPakFile: Registered encryption key '00000000000000000000000000000000': 0 pak files mounted, 0 remain pending
[2019.09.25-14.08.25:475][  0]LogPakFile: Registered encryption key '00000000000000000000000000000000': 0 pak files mounted, 0 remain pending
[2019.09.25-14.08.25:477][  0]LogPakFile: Registered encryption key '00000000000000000000000000000000': 0 pak files mounted, 0 remain pending
[2019.09.25-14.08.25:479][  0]LogPakFile: Registered encryption key '00000000000000000000000000000000': 0 pak files mounted, 0 remain pending
[2019.09.25-14.08.25:480][  0]LogPakFile: Registered encryption key '00000000000000000000000000000000': 0 pak files mounted, 0 remain pending
[2019.09.25-14.08.25:482][  0]LogPakFile: Registered encryption key '00000000000000000000000000000000': 0 pak files mounted, 0 remain pending
[2019.09.25-14.08.25:484][  0]LogPakFile: Registered encryption key '00000000000000000000000000000000': 0 pak files mounted, 0 remain pending
[2019.09.25-14.08.25:485][  0]LogPakFile: Registered encryption key '00000000000000000000000000000000': 0 pak files mounted, 0 remain pending
[2019.09.25-14.08.25:487][  0]LogPakFile: Registered encryption key '00000000000000000000000000000000': 0 pak files mounted, 0 remain pending
[2019.09.25-14.08.25:489][  0]LogPakFile: Registered encryption key '00000000000000000000000000000000': 0 pak files mounted, 0 remain pending
[2019.09.25-14.08.25:490][  0]LogPakFile: Registered encryption key '00000000000000000000000000000000': 0 pak files mounted, 0 remain pending
[2019.09.25-14.08.25:578][  0]LogContentBrowser: Native class hierarchy updated for 'AddContentDialog' in 0.0004 seconds. Added 0 classes and 0 folders.
[2019.09.25-14.08.25:597][  0]LogContentBrowser: Native class hierarchy updated for 'SceneOutliner' in 0.0005 seconds. Added 1 classes and 2 folders.
[2019.09.25-14.08.25:807][  0]LogSlate: Took 0.000171 seconds to synchronously load lazily loaded font '../../../Engine/Content/Slate/Fonts/Roboto-Regular.ttf' (155K)
[2019.09.25-14.08.25:810][  0]LogSlate: Took 0.000166 seconds to synchronously load lazily loaded font '../../../Engine/Content/Slate/Fonts/Roboto-Bold.ttf' (160K)
[2019.09.25-14.08.25:818][  0]LogSlate: Took 0.001280 seconds to synchronously load lazily loaded font '../../../Engine/Content/Editor/Slate/Fonts/FontAwesome.ttf' (139K)
[2019.09.25-14.08.25:917][  0]LogRenderer: Reallocating scene render targets to support 1168x600 Format 9 NumSamples 1 (Frame:1).
[2019.09.25-14.08.26:145][  0]LogContentBrowser: Native class hierarchy updated for 'HierarchicalLODOutliner' in 0.0005 seconds. Added 0 classes and 0 folders.
[2019.09.25-14.08.26:145][  0]LogLoad: (Engine Initialization) Total time: 14.51 seconds
[2019.09.25-14.08.26:145][  0]LogLoad: (Engine Initialization) Total Blueprint compile time: 0.00 seconds
[2019.09.25-14.08.26:192][  0]LogAssetRegistry: Asset discovery search completed in 9.9654 seconds
[2019.09.25-14.08.26:195][  0]LogCollectionManager: Rebuilt the object cache for 0 collections in 0.000001 seconds (found 0 objects)
[2019.09.25-14.08.26:195][  0]LogCollectionManager: Fixed up redirectors for 0 collections in 0.000131 seconds (updated 0 objects)
[2019.09.25-14.08.26:197][  0]LogContentStreaming: Texture pool size now 800 MB
[2019.09.25-14.08.26:208][  0]LogSlate: FSceneViewport::OnFocusLost() reason 2
[2019.09.25-14.08.26:640][  0]LogSlate: Took 0.001495 seconds to synchronously load lazily loaded font '../../../Engine/Content/Slate/Fonts/Roboto-Light.ttf' (167K)
[2019.09.25-14.08.27:821][108]LogSlate: Window 'Message Log' being destroyed
[2019.09.25-14.08.27:823][108]LogSlate: Window 'Message Log' being destroyed
[2019.09.25-14.08.28:769][195]LogSlate: FSceneViewport::OnFocusLost() reason 0
[2019.09.25-14.08.32:083][588]LogSlate: Took 0.000169 seconds to synchronously load lazily loaded font '../../../Engine/Content/Slate/Fonts/Roboto-Light.ttf' (167K)
[2019.09.25-14.08.32:092][588]LogAssetEditorManager: Opening Asset editor for Class /Script/BattelTank.TankBarrel
[2019.09.25-14.10.45:942][130]LogWindowsTextInputMethodSystem: Display: IME system now deactivated.
[2019.09.25-14.10.45:942][130]LogWindowsTextInputMethodSystem: Display: IME system now deactivated.
