Log file open, 09/25/19 12:17:17
LogWindows: Failed to load 'aqProf.dll' (GetLastError=126)
LogWindows: File 'aqProf.dll' does not exist
LogWindows: Failed to load 'VtuneApi.dll' (GetLastError=126)
LogWindows: File 'VtuneApi.dll' does not exist
LogWindows: Failed to load 'VtuneApi32e.dll' (GetLastError=126)
LogWindows: File 'VtuneApi32e.dll' does not exist
LogConsoleResponse: Display: Failed to find resolution value strings in scalability ini. Falling back to default.
LogInit: Display: Running engine for game: BattelTank
LogPakFile: Registered encryption key '00000000000000000000000000000000': 0 pak files mounted, 0 remain pending
LogPlatformFile: Not using cached read wrapper
LogTaskGraph: Started task graph with 5 named threads and 14 total threads with 3 sets of task threads.
LogStats: Stats thread started at 0.353533
LogD3D11RHI: Loaded GFSDK_Aftermath_Lib.x64.dll
LogICUInternationalization: ICU TimeZone Detection - Raw Offset: +3:00, Platform Override: ''
LogPluginManager: Mounting plugin Paper2D
LogPluginManager: Mounting plugin AISupport
LogPluginManager: Mounting plugin LightPropagationVolume
LogPluginManager: Mounting plugin ActorLayerUtilities
LogPluginManager: Mounting plugin AnimationSharing
LogPluginManager: Mounting plugin CLionSourceCodeAccess
LogPluginManager: Mounting plugin CodeLiteSourceCodeAccess
LogPluginManager: Mounting plugin GitSourceControl
LogPluginManager: Mounting plugin KDevelopSourceCodeAccess
LogPluginManager: Mounting plugin NullSourceCodeAccess
LogPluginManager: Mounting plugin PerforceSourceControl
LogPluginManager: Mounting plugin SubversionSourceControl
LogPluginManager: Mounting plugin UObjectPlugin
LogPluginManager: Mounting plugin VisualStudioCodeSourceCodeAccess
LogPluginManager: Mounting plugin VisualStudioSourceCodeAccess
LogPluginManager: Mounting plugin XCodeSourceCodeAccess
LogPluginManager: Mounting plugin AssetManagerEditor
LogPluginManager: Mounting plugin CryptoKeys
LogPluginManager: Mounting plugin DataValidation
LogPluginManager: Mounting plugin FacialAnimation
LogPluginManager: Mounting plugin GameplayTagsEditor
LogPluginManager: Mounting plugin MacGraphicsSwitching
LogPluginManager: Mounting plugin MaterialAnalyzer
LogPluginManager: Mounting plugin MobileLauncherProfileWizard
LogPluginManager: Mounting plugin PluginBrowser
LogPluginManager: Mounting plugin SpeedTreeImporter
LogPluginManager: Mounting plugin DatasmithContent
LogPluginManager: Mounting plugin VariantManagerContent
LogPluginManager: Mounting plugin AlembicImporter
LogPluginManager: Mounting plugin AppleImageUtils
LogPluginManager: Mounting plugin AppleVision
LogPluginManager: Mounting plugin BackChannel
LogPluginManager: Mounting plugin CharacterAI
LogPluginManager: Mounting plugin GeometryCache
LogPluginManager: Mounting plugin HTML5Networking
LogPluginManager: Mounting plugin ProxyLODPlugin
LogPluginManager: Mounting plugin SkeletalReduction
LogPluginManager: Mounting plugin MagicLeap
LogPluginManager: Mounting plugin MagicLeapMedia
LogPluginManager: Mounting plugin AndroidMedia
LogPluginManager: Mounting plugin AvfMedia
LogPluginManager: Mounting plugin ImgMedia
LogPluginManager: Mounting plugin LinearTimecode
LogPluginManager: Mounting plugin MediaCompositing
LogPluginManager: Mounting plugin MediaPlayerEditor
LogPluginManager: Mounting plugin WebMMedia
LogPluginManager: Mounting plugin WmfMedia
LogPluginManager: Mounting plugin TcpMessaging
LogPluginManager: Mounting plugin UdpMessaging
LogPluginManager: Mounting plugin ActorSequence
LogPluginManager: Mounting plugin LevelSequenceEditor
LogPluginManager: Mounting plugin MatineeToLevelSequence
LogPluginManager: Mounting plugin NetcodeUnitTest
LogPluginManager: Mounting plugin NUTUnrealEngine4
LogPluginManager: Mounting plugin OnlineSubsystemGooglePlay
LogPluginManager: Mounting plugin OnlineSubsystemIOS
LogPluginManager: Mounting plugin OnlineSubsystem
LogPluginManager: Mounting plugin OnlineSubsystemNull
LogPluginManager: Mounting plugin OnlineSubsystemUtils
LogPluginManager: Mounting plugin LauncherChunkInstaller
LogPluginManager: Mounting plugin AndroidDeviceProfileSelector
LogPluginManager: Mounting plugin AndroidMoviePlayer
LogPluginManager: Mounting plugin AndroidPermission
LogPluginManager: Mounting plugin AppleMoviePlayer
LogPluginManager: Mounting plugin ArchVisCharacter
LogPluginManager: Mounting plugin AudioCapture
LogPluginManager: Mounting plugin CableComponent
LogPluginManager: Mounting plugin CustomMeshComponent
LogPluginManager: Mounting plugin EditableMesh
LogPluginManager: Mounting plugin ExampleDeviceProfileSelector
LogPluginManager: Mounting plugin Firebase
LogPluginManager: Mounting plugin GoogleCloudMessaging
LogPluginManager: Mounting plugin IOSDeviceProfileSelector
LogPluginManager: Mounting plugin LinuxDeviceProfileSelector
LogPluginManager: Mounting plugin LocationServicesBPLibrary
LogPluginManager: Mounting plugin MobilePatchingUtils
LogPluginManager: Mounting plugin OculusVR
LogPluginManager: Mounting plugin PhysXVehicles
LogPluginManager: Mounting plugin ProceduralMeshComponent
LogPluginManager: Mounting plugin RuntimePhysXCooking
LogPluginManager: Mounting plugin SignificanceManager
LogPluginManager: Mounting plugin SteamVR
LogPluginManager: Mounting plugin WebMMoviePlayer
LogPluginManager: Mounting plugin WindowsMoviePlayer
LogInit: Using libcurl 7.55.1-DEV
LogInit:  - built for x86_64-pc-win32
LogInit:  - supports SSL with OpenSSL/1.1.1
LogInit:  - supports HTTP deflate (compression) using libz 1.2.8
LogInit:  - other features:
LogInit:      CURL_VERSION_SSL
LogInit:      CURL_VERSION_LIBZ
LogInit:      CURL_VERSION_IPV6
LogInit:      CURL_VERSION_ASYNCHDNS
LogInit:      CURL_VERSION_LARGEFILE
LogInit:      CURL_VERSION_IDN
LogInit:  CurlRequestOptions (configurable via config and command line):
LogInit:  - bVerifyPeer = true  - Libcurl will verify peer certificate
LogInit:  - bUseHttpProxy = false  - Libcurl will NOT use HTTP proxy
LogInit:  - bDontReuseConnections = false  - Libcurl will reuse connections
LogInit:  - MaxHostConnections = 16  - Libcurl will limit the number of connections to a host
LogInit:  - LocalHostAddr = Default
LogInit:  - BufferSize = 65536
LogInit: WinSock: version 1.1 (2.2), MaxSocks=32767, MaxUdp=65467
LogInit: Build: ++UE4+Release-4.22-CL-7053642
LogInit: Engine Version: 4.22.3-7053642+++UE4+Release-4.22
LogInit: Compatible Engine Version: 4.22.0-5660361+++UE4+Release-4.22
LogInit: Net CL: 5660361
LogInit: OS: Windows 10 (Release 1809) (), CPU: Intel(R) Xeon(R) CPU           W3565  @ 3.20GHz, GPU: NVIDIA GeForce GTX 1050 Ti
LogInit: Compiled (64-bit): Jun 18 2019 03:09:11
LogInit: Compiled with Visual C++: 19.16.27025.01
LogInit: Build Configuration: Development
LogInit: Branch Name: ++UE4+Release-4.22
LogInit: Command Line:  -skipcompile
LogInit: Base Directory: C:/Program Files/Epic Games/UE_4.22/Engine/Binaries/Win64/
LogInit: Installed Engine Build: 1
LogDevObjectVersion: Number of dev versions registered: 23
LogDevObjectVersion:   Dev-Blueprints (B0D832E4-1F89-4F0D-ACCF-7EB736FD4AA2): 10
LogDevObjectVersion:   Dev-Build (E1C64328-A22C-4D53-A36C-8E866417BD8C): 0
LogDevObjectVersion:   Dev-Core (375EC13C-06E4-48FB-B500-84F0262A717E): 3
LogDevObjectVersion:   Dev-Editor (E4B068ED-F494-42E9-A231-DA0B2E46BB41): 30
LogDevObjectVersion:   Dev-Framework (CFFC743F-43B0-4480-9391-14DF171D2073): 35
LogDevObjectVersion:   Dev-Mobile (B02B49B5-BB20-44E9-A304-32B752E40360): 2
LogDevObjectVersion:   Dev-Networking (A4E4105C-59A1-49B5-A7C5-40C4547EDFEE): 0
LogDevObjectVersion:   Dev-Online (39C831C9-5AE6-47DC-9A44-9C173E1C8E7C): 0
LogDevObjectVersion:   Dev-Physics (78F01B33-EBEA-4F98-B9B4-84EACCB95AA2): 0
LogDevObjectVersion:   Dev-Platform (6631380F-2D4D-43E0-8009-CF276956A95A): 0
LogDevObjectVersion:   Dev-Rendering (12F88B9F-8875-4AFC-A67C-D90C383ABD29): 28
LogDevObjectVersion:   Dev-Sequencer (7B5AE74C-D270-4C10-A958-57980B212A5A): 11
LogDevObjectVersion:   Dev-VR (D7296918-1DD6-4BDD-9DE2-64A83CC13884): 2
LogDevObjectVersion:   Dev-LoadTimes (C2A15278-BFE7-4AFE-6C17-90FF531DF755): 1
LogDevObjectVersion:   Private-Geometry (6EACA3D4-40EC-4CC1-B786-8BED09428FC5): 3
LogDevObjectVersion:   Dev-AnimPhys (29E575DD-E0A3-4627-9D10-D276232CDCEA): 17
LogDevObjectVersion:   Dev-Anim (AF43A65D-7FD3-4947-9873-3E8ED9C1BB05): 2
LogDevObjectVersion:   Dev-ReflectionCapture (6B266CEC-1EC7-4B8F-A30B-E4D90942FC07): 1
LogDevObjectVersion:   Dev-Automation (0DF73D61-A23F-47EA-B727-89E90C41499A): 1
LogDevObjectVersion:   FortniteMain (601D1886-AC64-4F84-AA16-D3DE0DEAC7D6): 25
LogDevObjectVersion:   Dev-Enterprise (9DFFBCD6-494F-0158-E221-12823C92A888): 6
LogDevObjectVersion:   Dev-Niagara (F2AED0AC-9AFE-416F-8664-AA7FFA26D6FC): 1
LogDevObjectVersion:   Dev-Destruction (174F1F0B-B4C6-45A5-B13F-2EE8D0FB917D): 2
LogInit: Presizing for max 16777216 objects, including 0 objects not considered by GC, pre-allocating 0 bytes for permanent pool.
LogInit: Object subsystem initialized
LogConfig: Setting CVar [[con.DebugEarlyDefault:1]]
LogConfig: Setting CVar [[r.setres:1280x720]]
[2019.09.25-09.17.17:902][  0]LogConfig: Setting CVar [[r.VSync:0]]
[2019.09.25-09.17.17:902][  0]LogConfig: Setting CVar [[r.RHICmdBypass:0]]
[2019.09.25-09.17.17:902][  0]LogConfig: Applying CVar settings from Section [/Script/Engine.RendererSettings] File [E:/Udemy/buildingescape/BT/BattelTank/Saved/Config/Windows/Engine.ini]
[2019.09.25-09.17.17:902][  0]LogConfig: Setting CVar [[r.GPUCrashDebugging:0]]
[2019.09.25-09.17.17:902][  0]LogConfig: Setting CVar [[r.DefaultFeature.AutoExposure.ExtendDefaultLuminanceRange:1]]
[2019.09.25-09.17.17:902][  0]LogConfig: Applying CVar settings from Section [/Script/Engine.RendererOverrideSettings] File [E:/Udemy/buildingescape/BT/BattelTank/Saved/Config/Windows/Engine.ini]
[2019.09.25-09.17.17:902][  0]LogConfig: Applying CVar settings from Section [/Script/Engine.StreamingSettings] File [E:/Udemy/buildingescape/BT/BattelTank/Saved/Config/Windows/Engine.ini]
[2019.09.25-09.17.17:902][  0]LogConfig: Setting CVar [[s.MinBulkDataSizeForAsyncLoading:131072]]
[2019.09.25-09.17.17:903][  0]LogConfig: Setting CVar [[s.AsyncLoadingThreadEnabled:0]]
[2019.09.25-09.17.17:903][  0]LogConfig: Setting CVar [[s.EventDrivenLoaderEnabled:1]]
[2019.09.25-09.17.17:903][  0]LogConfig: Setting CVar [[s.WarnIfTimeLimitExceeded:0]]
[2019.09.25-09.17.17:903][  0]LogConfig: Setting CVar [[s.TimeLimitExceededMultiplier:1.5]]
[2019.09.25-09.17.17:903][  0]LogConfig: Setting CVar [[s.TimeLimitExceededMinTime:0.005]]
[2019.09.25-09.17.17:903][  0]LogConfig: Setting CVar [[s.UseBackgroundLevelStreaming:1]]
[2019.09.25-09.17.17:903][  0]LogConfig: Setting CVar [[s.PriorityAsyncLoadingExtraTime:15.0]]
[2019.09.25-09.17.17:903][  0]LogConfig: Setting CVar [[s.LevelStreamingActorsUpdateTimeLimit:5.0]]
[2019.09.25-09.17.17:903][  0]LogConfig: Setting CVar [[s.PriorityLevelStreamingActorsUpdateExtraTime:5.0]]
[2019.09.25-09.17.17:903][  0]LogConfig: Setting CVar [[s.LevelStreamingComponentsRegistrationGranularity:10]]
[2019.09.25-09.17.17:903][  0]LogConfig: Setting CVar [[s.UnregisterComponentsTimeLimit:1.0]]
[2019.09.25-09.17.17:903][  0]LogConfig: Setting CVar [[s.LevelStreamingComponentsUnregistrationGranularity:5]]
[2019.09.25-09.17.17:903][  0]LogConfig: Applying CVar settings from Section [/Script/Engine.GarbageCollectionSettings] File [E:/Udemy/buildingescape/BT/BattelTank/Saved/Config/Windows/Engine.ini]
[2019.09.25-09.17.17:903][  0]LogConfig: Setting CVar [[gc.MaxObjectsNotConsideredByGC:1]]
[2019.09.25-09.17.17:903][  0]LogConfig: Setting CVar [[gc.SizeOfPermanentObjectPool:0]]
[2019.09.25-09.17.17:903][  0]LogConfig: Setting CVar [[gc.FlushStreamingOnGC:0]]
[2019.09.25-09.17.17:903][  0]LogConfig: Setting CVar [[gc.NumRetriesBeforeForcingGC:10]]
[2019.09.25-09.17.17:903][  0]LogConfig: Setting CVar [[gc.AllowParallelGC:1]]
[2019.09.25-09.17.17:903][  0]LogConfig: Setting CVar [[gc.TimeBetweenPurgingPendingKillObjects:61.1]]
[2019.09.25-09.17.17:903][  0]LogConfig: Setting CVar [[gc.MaxObjectsInEditor:16777216]]
[2019.09.25-09.17.17:904][  0]LogConfig: Setting CVar [[gc.IncrementalBeginDestroyEnabled:1]]
[2019.09.25-09.17.17:904][  0]LogConfig: Setting CVar [[gc.CreateGCClusters:1]]
[2019.09.25-09.17.17:904][  0]LogConfig: Setting CVar [[gc.MinGCClusterSize:5]]
[2019.09.25-09.17.17:904][  0]LogConfig: Setting CVar [[gc.ActorClusteringEnabled:0]]
[2019.09.25-09.17.17:904][  0]LogConfig: Setting CVar [[gc.BlueprintClusteringEnabled:0]]
[2019.09.25-09.17.17:904][  0]LogConfig: Setting CVar [[gc.UseDisregardForGCOnDedicatedServers:0]]
[2019.09.25-09.17.17:904][  0]LogConfig: Applying CVar settings from Section [/Script/Engine.NetworkSettings] File [E:/Udemy/buildingescape/BT/BattelTank/Saved/Config/Windows/Engine.ini]
[2019.09.25-09.17.17:904][  0]LogConfig: Applying CVar settings from Section [/Script/UnrealEd.CookerSettings] File [E:/Udemy/buildingescape/BT/BattelTank/Saved/Config/Windows/Engine.ini]
[2019.09.25-09.17.17:911][  0]LogConfig: Applying CVar settings from Section [ViewDistanceQuality@3] File [E:/Udemy/buildingescape/BT/BattelTank/Saved/Config/Windows/Scalability.ini]
[2019.09.25-09.17.17:911][  0]LogConfig: Setting CVar [[r.SkeletalMeshLODBias:0]]
[2019.09.25-09.17.17:911][  0]LogConfig: Setting CVar [[r.ViewDistanceScale:1.0]]
[2019.09.25-09.17.17:911][  0]LogConfig: Applying CVar settings from Section [AntiAliasingQuality@3] File [E:/Udemy/buildingescape/BT/BattelTank/Saved/Config/Windows/Scalability.ini]
[2019.09.25-09.17.17:911][  0]LogConfig: Setting CVar [[r.PostProcessAAQuality:4]]
[2019.09.25-09.17.17:911][  0]LogConfig: Applying CVar settings from Section [ShadowQuality@3] File [E:/Udemy/buildingescape/BT/BattelTank/Saved/Config/Windows/Scalability.ini]
[2019.09.25-09.17.17:911][  0]LogConfig: Setting CVar [[r.LightFunctionQuality:1]]
[2019.09.25-09.17.17:911][  0]LogConfig: Setting CVar [[r.ShadowQuality:5]]
[2019.09.25-09.17.17:912][  0]LogConfig: Setting CVar [[r.Shadow.CSM.MaxCascades:10]]
[2019.09.25-09.17.17:912][  0]LogConfig: Setting CVar [[r.Shadow.MaxResolution:2048]]
[2019.09.25-09.17.17:912][  0]LogConfig: Setting CVar [[r.Shadow.MaxCSMResolution:2048]]
[2019.09.25-09.17.17:912][  0]LogConfig: Setting CVar [[r.Shadow.RadiusThreshold:0.01]]
[2019.09.25-09.17.17:912][  0]LogConfig: Setting CVar [[r.Shadow.DistanceScale:1.0]]
[2019.09.25-09.17.17:912][  0]LogConfig: Setting CVar [[r.Shadow.CSM.TransitionScale:1.0]]
[2019.09.25-09.17.17:914][  0]LogConfig: Setting CVar [[r.Shadow.PreShadowResolutionFactor:1.0]]
[2019.09.25-09.17.17:914][  0]LogConfig: Setting CVar [[r.DistanceFieldShadowing:1]]
[2019.09.25-09.17.17:914][  0]LogConfig: Setting CVar [[r.DistanceFieldAO:1]]
[2019.09.25-09.17.17:915][  0]LogConfig: Setting CVar [[r.AOQuality:2]]
[2019.09.25-09.17.17:916][  0]LogConfig: Setting CVar [[r.VolumetricFog:1]]
[2019.09.25-09.17.17:916][  0]LogConfig: Setting CVar [[r.VolumetricFog.GridPixelSize:8]]
[2019.09.25-09.17.17:917][  0]LogConfig: Setting CVar [[r.VolumetricFog.GridSizeZ:128]]
[2019.09.25-09.17.17:917][  0]LogConfig: Setting CVar [[r.VolumetricFog.HistoryMissSupersampleCount:4]]
[2019.09.25-09.17.17:917][  0]LogConfig: Setting CVar [[r.LightMaxDrawDistanceScale:1]]
[2019.09.25-09.17.17:919][  0]LogConfig: Setting CVar [[r.CapsuleShadows:1]]
[2019.09.25-09.17.17:919][  0]LogConfig: Applying CVar settings from Section [PostProcessQuality@3] File [E:/Udemy/buildingescape/BT/BattelTank/Saved/Config/Windows/Scalability.ini]
[2019.09.25-09.17.17:919][  0]LogConfig: Setting CVar [[r.MotionBlurQuality:4]]
[2019.09.25-09.17.17:920][  0]LogConfig: Setting CVar [[r.AmbientOcclusionMipLevelFactor:0.4]]
[2019.09.25-09.17.17:920][  0]LogConfig: Setting CVar [[r.AmbientOcclusionMaxQuality:100]]
[2019.09.25-09.17.17:920][  0]LogConfig: Setting CVar [[r.AmbientOcclusionLevels:-1]]
[2019.09.25-09.17.17:920][  0]LogConfig: Setting CVar [[r.AmbientOcclusionRadiusScale:1.0]]
[2019.09.25-09.17.17:920][  0]LogConfig: Setting CVar [[r.DepthOfFieldQuality:2]]
[2019.09.25-09.17.17:920][  0]LogConfig: Setting CVar [[r.RenderTargetPoolMin:400]]
[2019.09.25-09.17.17:920][  0]LogConfig: Setting CVar [[r.LensFlareQuality:2]]
[2019.09.25-09.17.17:920][  0]LogConfig: Setting CVar [[r.SceneColorFringeQuality:1]]
[2019.09.25-09.17.17:920][  0]LogConfig: Setting CVar [[r.EyeAdaptationQuality:2]]
[2019.09.25-09.17.17:920][  0]LogConfig: Setting CVar [[r.BloomQuality:5]]
[2019.09.25-09.17.17:921][  0]LogConfig: Setting CVar [[r.FastBlurThreshold:100]]
[2019.09.25-09.17.17:921][  0]LogConfig: Setting CVar [[r.Upscale.Quality:3]]
[2019.09.25-09.17.17:921][  0]LogConfig: Setting CVar [[r.Tonemapper.GrainQuantization:1]]
[2019.09.25-09.17.17:921][  0]LogConfig: Setting CVar [[r.LightShaftQuality:1]]
[2019.09.25-09.17.17:921][  0]LogConfig: Setting CVar [[r.Filter.SizeScale:1]]
[2019.09.25-09.17.17:921][  0]LogConfig: Setting CVar [[r.Tonemapper.Quality:5]]
[2019.09.25-09.17.17:921][  0]LogConfig: Setting CVar [[r.DOF.Gather.AccumulatorQuality:1        ; higher gathering accumulator quality]]
[2019.09.25-09.17.17:921][  0]LogConfig: Setting CVar [[r.DOF.Gather.PostfilterMethod:1          ; Median3x3 postfilering method]]
[2019.09.25-09.17.17:921][  0]LogConfig: Setting CVar [[r.DOF.Gather.EnableBokehSettings:0       ; no bokeh simulation when gathering]]
[2019.09.25-09.17.17:921][  0]LogConfig: Setting CVar [[r.DOF.Gather.RingCount:4                 ; medium number of samples when gathering]]
[2019.09.25-09.17.17:921][  0]LogConfig: Setting CVar [[r.DOF.Scatter.ForegroundCompositing:1    ; additive foreground scattering]]
[2019.09.25-09.17.17:921][  0]LogConfig: Setting CVar [[r.DOF.Scatter.BackgroundCompositing:2    ; additive background scattering]]
[2019.09.25-09.17.17:921][  0]LogConfig: Setting CVar [[r.DOF.Scatter.EnableBokehSettings:1      ; bokeh simulation when scattering]]
[2019.09.25-09.17.17:921][  0]LogConfig: Setting CVar [[r.DOF.Scatter.MaxSpriteRatio:0.1         ; only a maximum of 10% of scattered bokeh]]
[2019.09.25-09.17.17:921][  0]LogConfig: Setting CVar [[r.DOF.Recombine.Quality:1                ; cheap slight out of focus]]
[2019.09.25-09.17.17:921][  0]LogConfig: Setting CVar [[r.DOF.Recombine.EnableBokehSettings:0    ; no bokeh simulation on slight out of focus]]
[2019.09.25-09.17.17:921][  0]LogConfig: Setting CVar [[r.DOF.TemporalAAQuality:1                ; more stable temporal accumulation]]
[2019.09.25-09.17.17:921][  0]LogConfig: Setting CVar [[r.DOF.Kernel.MaxForegroundRadius:0.025]]
[2019.09.25-09.17.17:921][  0]LogConfig: Setting CVar [[r.DOF.Kernel.MaxBackgroundRadius:0.025]]
[2019.09.25-09.17.17:921][  0]LogConfig: Applying CVar settings from Section [TextureQuality@3] File [E:/Udemy/buildingescape/BT/BattelTank/Saved/Config/Windows/Scalability.ini]
[2019.09.25-09.17.17:921][  0]LogConfig: Setting CVar [[r.Streaming.MipBias:0]]
[2019.09.25-09.17.17:922][  0]LogConfig: Setting CVar [[r.Streaming.AmortizeCPUToGPUCopy:0]]
[2019.09.25-09.17.17:922][  0]LogConfig: Setting CVar [[r.Streaming.MaxNumTexturesToStreamPerFrame:0]]
[2019.09.25-09.17.17:922][  0]LogConfig: Setting CVar [[r.Streaming.Boost:1]]
[2019.09.25-09.17.17:922][  0]LogConfig: Setting CVar [[r.MaxAnisotropy:8]]
[2019.09.25-09.17.17:922][  0]LogConfig: Setting CVar [[r.Streaming.LimitPoolSizeToVRAM:0]]
[2019.09.25-09.17.17:922][  0]LogConfig: Setting CVar [[r.Streaming.PoolSize:1000]]
[2019.09.25-09.17.17:922][  0]LogConfig: Setting CVar [[r.Streaming.MaxEffectiveScreenSize:0]]
[2019.09.25-09.17.17:922][  0]LogConfig: Applying CVar settings from Section [EffectsQuality@3] File [E:/Udemy/buildingescape/BT/BattelTank/Saved/Config/Windows/Scalability.ini]
[2019.09.25-09.17.17:922][  0]LogConfig: Setting CVar [[r.TranslucencyLightingVolumeDim:64]]
[2019.09.25-09.17.17:922][  0]LogConfig: Setting CVar [[r.RefractionQuality:2]]
[2019.09.25-09.17.17:922][  0]LogConfig: Setting CVar [[r.SSR.Quality:3]]
[2019.09.25-09.17.17:922][  0]LogConfig: Setting CVar [[r.SceneColorFormat:4]]
[2019.09.25-09.17.17:922][  0]LogConfig: Setting CVar [[r.DetailMode:2]]
[2019.09.25-09.17.17:922][  0]LogConfig: Setting CVar [[r.TranslucencyVolumeBlur:1]]
[2019.09.25-09.17.17:922][  0]LogConfig: Setting CVar [[r.MaterialQualityLevel:1 ; High quality]]
[2019.09.25-09.17.17:922][  0]LogConfig: Setting CVar [[r.SSS.Scale:1]]
[2019.09.25-09.17.17:923][  0]LogConfig: Setting CVar [[r.SSS.SampleSet:2]]
[2019.09.25-09.17.17:923][  0]LogConfig: Setting CVar [[r.SSS.Quality:1]]
[2019.09.25-09.17.17:923][  0]LogConfig: Setting CVar [[r.SSS.HalfRes:1]]
[2019.09.25-09.17.17:923][  0]LogConfig: Setting CVar [[r.EmitterSpawnRateScale:1.0]]
[2019.09.25-09.17.17:923][  0]LogConfig: Setting CVar [[r.ParticleLightQuality:2]]
[2019.09.25-09.17.17:923][  0]LogConfig: Applying CVar settings from Section [FoliageQuality@3] File [E:/Udemy/buildingescape/BT/BattelTank/Saved/Config/Windows/Scalability.ini]
[2019.09.25-09.17.17:923][  0]LogConfig: Setting CVar [[foliage.DensityScale:1.0]]
[2019.09.25-09.17.17:923][  0]LogConfig: Setting CVar [[grass.DensityScale:1.0]]
[2019.09.25-09.17.17:923][  0]LogInit: Selected Device Profile: [Windows]
[2019.09.25-09.17.17:923][  0]LogInit: Applying CVar settings loaded from the selected device profile: [Windows]
[2019.09.25-09.17.17:934][  0]LogHAL: Display: Platform has ~ 12 GB [12867313664 / 17179869184 / 12], which maps to Larger [LargestMinGB=32, LargerMinGB=12, DefaultMinGB=8, SmallerMinGB=6, SmallestMinGB=0)
[2019.09.25-09.17.17:934][  0]LogConfig: Setting CVar [[r.Vulkan.UseRealUBs:0		; Required until we fix HLR fall-out]]
[2019.09.25-09.17.17:935][  0]LogInit: Going up to parent DeviceProfile []
[2019.09.25-09.17.17:936][  0]LogConfig: Applying CVar settings from Section [ViewDistanceQuality@2] File [E:/Udemy/buildingescape/BT/BattelTank/Saved/Config/Windows/Scalability.ini]
[2019.09.25-09.17.17:936][  0]LogConfig: Setting CVar [[r.SkeletalMeshLODBias:0]]
[2019.09.25-09.17.17:937][  0]LogConfig: Setting CVar [[r.ViewDistanceScale:0.8]]
[2019.09.25-09.17.17:937][  0]LogConfig: Applying CVar settings from Section [AntiAliasingQuality@2] File [E:/Udemy/buildingescape/BT/BattelTank/Saved/Config/Windows/Scalability.ini]
[2019.09.25-09.17.17:937][  0]LogConfig: Setting CVar [[r.PostProcessAAQuality:3]]
[2019.09.25-09.17.17:937][  0]LogConfig: Applying CVar settings from Section [ShadowQuality@2] File [E:/Udemy/buildingescape/BT/BattelTank/Saved/Config/Windows/Scalability.ini]
[2019.09.25-09.17.17:937][  0]LogConfig: Setting CVar [[r.LightFunctionQuality:1]]
[2019.09.25-09.17.17:937][  0]LogConfig: Setting CVar [[r.ShadowQuality:5]]
[2019.09.25-09.17.17:937][  0]LogConfig: Setting CVar [[r.Shadow.CSM.MaxCascades:4]]
[2019.09.25-09.17.17:937][  0]LogConfig: Setting CVar [[r.Shadow.MaxResolution:1024]]
[2019.09.25-09.17.17:937][  0]LogConfig: Setting CVar [[r.Shadow.MaxCSMResolution:2048]]
[2019.09.25-09.17.17:937][  0]LogConfig: Setting CVar [[r.Shadow.RadiusThreshold:0.04]]
[2019.09.25-09.17.17:937][  0]LogConfig: Setting CVar [[r.Shadow.DistanceScale:0.85]]
[2019.09.25-09.17.17:937][  0]LogConfig: Setting CVar [[r.Shadow.CSM.TransitionScale:0.8]]
[2019.09.25-09.17.17:937][  0]LogConfig: Setting CVar [[r.Shadow.PreShadowResolutionFactor:0.5]]
[2019.09.25-09.17.17:937][  0]LogConfig: Setting CVar [[r.DistanceFieldShadowing:1]]
[2019.09.25-09.17.17:937][  0]LogConfig: Setting CVar [[r.DistanceFieldAO:1]]
[2019.09.25-09.17.17:937][  0]LogConfig: Setting CVar [[r.AOQuality:1]]
[2019.09.25-09.17.17:937][  0]LogConfig: Setting CVar [[r.VolumetricFog:1]]
[2019.09.25-09.17.17:937][  0]LogConfig: Setting CVar [[r.VolumetricFog.GridPixelSize:16]]
[2019.09.25-09.17.17:937][  0]LogConfig: Setting CVar [[r.VolumetricFog.GridSizeZ:64]]
[2019.09.25-09.17.17:937][  0]LogConfig: Setting CVar [[r.VolumetricFog.HistoryMissSupersampleCount:4]]
[2019.09.25-09.17.17:937][  0]LogConfig: Setting CVar [[r.LightMaxDrawDistanceScale:1]]
[2019.09.25-09.17.17:937][  0]LogConfig: Setting CVar [[r.CapsuleShadows:1]]
[2019.09.25-09.17.17:938][  0]LogConfig: Applying CVar settings from Section [PostProcessQuality@2] File [E:/Udemy/buildingescape/BT/BattelTank/Saved/Config/Windows/Scalability.ini]
[2019.09.25-09.17.17:938][  0]LogConfig: Setting CVar [[r.MotionBlurQuality:3]]
[2019.09.25-09.17.17:938][  0]LogConfig: Setting CVar [[r.AmbientOcclusionMipLevelFactor:0.6]]
[2019.09.25-09.17.17:938][  0]LogConfig: Setting CVar [[r.AmbientOcclusionMaxQuality:100]]
[2019.09.25-09.17.17:938][  0]LogConfig: Setting CVar [[r.AmbientOcclusionLevels:-1]]
[2019.09.25-09.17.17:938][  0]LogConfig: Setting CVar [[r.AmbientOcclusionRadiusScale:1.5]]
[2019.09.25-09.17.17:938][  0]LogConfig: Setting CVar [[r.DepthOfFieldQuality:2]]
[2019.09.25-09.17.17:938][  0]LogConfig: Setting CVar [[r.RenderTargetPoolMin:400]]
[2019.09.25-09.17.17:938][  0]LogConfig: Setting CVar [[r.LensFlareQuality:2]]
[2019.09.25-09.17.17:938][  0]LogConfig: Setting CVar [[r.SceneColorFringeQuality:1]]
[2019.09.25-09.17.17:938][  0]LogConfig: Setting CVar [[r.EyeAdaptationQuality:2]]
[2019.09.25-09.17.17:938][  0]LogConfig: Setting CVar [[r.BloomQuality:5]]
[2019.09.25-09.17.17:938][  0]LogConfig: Setting CVar [[r.FastBlurThreshold:3]]
[2019.09.25-09.17.17:938][  0]LogConfig: Setting CVar [[r.Upscale.Quality:2]]
[2019.09.25-09.17.17:938][  0]LogConfig: Setting CVar [[r.Tonemapper.GrainQuantization:1]]
[2019.09.25-09.17.17:938][  0]LogConfig: Setting CVar [[r.LightShaftQuality:1]]
[2019.09.25-09.17.17:938][  0]LogConfig: Setting CVar [[r.Filter.SizeScale:0.8]]
[2019.09.25-09.17.17:938][  0]LogConfig: Setting CVar [[r.Tonemapper.Quality:5]]
[2019.09.25-09.17.17:938][  0]LogConfig: Setting CVar [[r.DOF.Gather.AccumulatorQuality:0        ; lower gathering accumulator quality]]
[2019.09.25-09.17.17:938][  0]LogConfig: Setting CVar [[r.DOF.Gather.PostfilterMethod:2          ; Max3x3 postfilering method]]
[2019.09.25-09.17.17:939][  0]LogConfig: Setting CVar [[r.DOF.Gather.EnableBokehSettings:0       ; no bokeh simulation when gathering]]
[2019.09.25-09.17.17:939][  0]LogConfig: Setting CVar [[r.DOF.Gather.RingCount:4                 ; medium number of samples when gathering]]
[2019.09.25-09.17.17:939][  0]LogConfig: Setting CVar [[r.DOF.Scatter.ForegroundCompositing:1    ; additive foreground scattering]]
[2019.09.25-09.17.17:939][  0]LogConfig: Setting CVar [[r.DOF.Scatter.BackgroundCompositing:1    ; no background occlusion]]
[2019.09.25-09.17.17:939][  0]LogConfig: Setting CVar [[r.DOF.Scatter.EnableBokehSettings:0      ; no bokeh simulation when scattering]]
[2019.09.25-09.17.17:939][  0]LogConfig: Setting CVar [[r.DOF.Scatter.MaxSpriteRatio:0.04        ; only a maximum of 4% of scattered bokeh]]
[2019.09.25-09.17.17:939][  0]LogConfig: Setting CVar [[r.DOF.Recombine.Quality:0                ; no slight out of focus]]
[2019.09.25-09.17.17:939][  0]LogConfig: Setting CVar [[r.DOF.TemporalAAQuality:0                ; faster temporal accumulation]]
[2019.09.25-09.17.17:939][  0]LogConfig: Setting CVar [[r.DOF.Kernel.MaxForegroundRadius:0.012   ; required because of AccumulatorQuality=0]]
[2019.09.25-09.17.17:940][  0]LogConfig: Setting CVar [[r.DOF.Kernel.MaxBackgroundRadius:0.012   ; required because of AccumulatorQuality=0]]
[2019.09.25-09.17.17:941][  0]LogConfig: Applying CVar settings from Section [TextureQuality@2] File [E:/Udemy/buildingescape/BT/BattelTank/Saved/Config/Windows/Scalability.ini]
[2019.09.25-09.17.17:941][  0]LogConfig: Setting CVar [[r.Streaming.MipBias:0]]
[2019.09.25-09.17.17:942][  0]LogConfig: Setting CVar [[r.Streaming.AmortizeCPUToGPUCopy:0]]
[2019.09.25-09.17.17:942][  0]LogConfig: Setting CVar [[r.Streaming.MaxNumTexturesToStreamPerFrame:0]]
[2019.09.25-09.17.17:943][  0]LogConfig: Setting CVar [[r.Streaming.Boost:1]]
[2019.09.25-09.17.17:943][  0]LogConfig: Setting CVar [[r.MaxAnisotropy:4]]
[2019.09.25-09.17.17:943][  0]LogConfig: Setting CVar [[r.Streaming.LimitPoolSizeToVRAM:1]]
[2019.09.25-09.17.17:943][  0]LogConfig: Setting CVar [[r.Streaming.PoolSize:800]]
[2019.09.25-09.17.17:943][  0]LogConfig: Setting CVar [[r.Streaming.MaxEffectiveScreenSize:0]]
[2019.09.25-09.17.17:943][  0]LogConfig: Applying CVar settings from Section [EffectsQuality@2] File [E:/Udemy/buildingescape/BT/BattelTank/Saved/Config/Windows/Scalability.ini]
[2019.09.25-09.17.17:943][  0]LogConfig: Setting CVar [[r.TranslucencyLightingVolumeDim:48]]
[2019.09.25-09.17.17:944][  0]LogConfig: Setting CVar [[r.RefractionQuality:2]]
[2019.09.25-09.17.17:944][  0]LogConfig: Setting CVar [[r.SSR.Quality:2]]
[2019.09.25-09.17.17:944][  0]LogConfig: Setting CVar [[r.SceneColorFormat:3]]
[2019.09.25-09.17.17:950][  0]LogConfig: Setting CVar [[r.DetailMode:1]]
[2019.09.25-09.17.17:950][  0]LogConfig: Setting CVar [[r.TranslucencyVolumeBlur:1]]
[2019.09.25-09.17.17:951][  0]LogConfig: Setting CVar [[r.MaterialQualityLevel:1 ; High quality]]
[2019.09.25-09.17.17:952][  0]LogConfig: Setting CVar [[r.SSS.Scale:1]]
[2019.09.25-09.17.17:952][  0]LogConfig: Setting CVar [[r.SSS.SampleSet:1]]
[2019.09.25-09.17.17:953][  0]LogConfig: Setting CVar [[r.SSS.Quality:-1]]
[2019.09.25-09.17.17:953][  0]LogConfig: Setting CVar [[r.SSS.HalfRes:1]]
[2019.09.25-09.17.17:953][  0]LogConfig: Setting CVar [[r.EmitterSpawnRateScale:0.5]]
[2019.09.25-09.17.17:953][  0]LogConfig: Setting CVar [[r.ParticleLightQuality:1]]
[2019.09.25-09.17.17:954][  0]LogConfig: Applying CVar settings from Section [FoliageQuality@2] File [E:/Udemy/buildingescape/BT/BattelTank/Saved/Config/Windows/Scalability.ini]
[2019.09.25-09.17.17:955][  0]LogConfig: Setting CVar [[foliage.DensityScale:0.8]]
[2019.09.25-09.17.17:955][  0]LogConfig: Setting CVar [[grass.DensityScale:0.8]]
[2019.09.25-09.17.17:955][  0]LogConfig: Applying CVar settings from Section [Startup] File [../../../Engine/Config/ConsoleVariables.ini]
[2019.09.25-09.17.17:955][  0]LogConfig: Setting CVar [[net.UseAdaptiveNetUpdateFrequency:0]]
[2019.09.25-09.17.17:955][  0]LogConfig: Setting CVar [[p.chaos.AllowCreatePhysxBodies:1]]
[2019.09.25-09.17.17:955][  0]LogConfig: Applying CVar settings from Section [ConsoleVariables] File [E:/Udemy/buildingescape/BT/BattelTank/Saved/Config/Windows/Engine.ini]
[2019.09.25-09.17.17:956][  0]LogInit: Computer: COMPUTER
[2019.09.25-09.17.17:956][  0]LogInit: User: Happy
[2019.09.25-09.17.17:956][  0]LogInit: CPU Page size=4096, Cores=4
[2019.09.25-09.17.17:956][  0]LogInit: High frequency timer resolution =10.000000 MHz
[2019.09.25-09.17.17:956][  0]LogMemory: Memory total: Physical=12.0GB (12GB approx)
[2019.09.25-09.17.17:957][  0]LogMemory: Platform Memory Stats for Windows
[2019.09.25-09.17.17:957][  0]LogMemory: Process Physical Memory: 100.84 MB used, 100.85 MB peak
[2019.09.25-09.17.17:957][  0]LogMemory: Process Virtual Memory: 91.82 MB used, 91.82 MB peak
[2019.09.25-09.17.17:957][  0]LogMemory: Physical Memory: 7485.61 MB used,  4785.61 MB free, 12271.23 MB total
[2019.09.25-09.17.17:957][  0]LogMemory: Virtual Memory: 4647.75 MB used,  134213080.00 MB free, 134217728.00 MB total
[2019.09.25-09.17.18:693][  0]LogInit: Using OS detected language (ru-RU).
[2019.09.25-09.17.18:693][  0]LogInit: Using OS detected locale (ru-RU).
[2019.09.25-09.17.18:694][  0]LogTextLocalizationManager: No specific localization for 'ru-RU' exists, so the 'ru' localization will be used.
[2019.09.25-09.17.18:694][  0]LogTextLocalizationResource: LocRes '../../../Engine/Content/Localization/Editor/ru/Editor.locres' could not be opened for reading!
[2019.09.25-09.17.18:695][  0]LogTextLocalizationResource: LocRes '../../../Engine/Content/Localization/EditorTutorials/ru/EditorTutorials.locres' could not be opened for reading!
[2019.09.25-09.17.18:695][  0]LogTextLocalizationResource: LocRes '../../../Engine/Content/Localization/Keywords/ru/Keywords.locres' could not be opened for reading!
[2019.09.25-09.17.18:695][  0]LogTextLocalizationResource: LocRes '../../../Engine/Content/Localization/Category/ru/Category.locres' could not be opened for reading!
[2019.09.25-09.17.18:695][  0]LogTextLocalizationResource: LocRes '../../../Engine/Content/Localization/ToolTips/ru/ToolTips.locres' could not be opened for reading!
[2019.09.25-09.17.18:695][  0]LogTextLocalizationResource: LocRes '../../../Engine/Content/Localization/PropertyNames/ru/PropertyNames.locres' could not be opened for reading!
[2019.09.25-09.17.18:696][  0]LogTextLocalizationResource: LocRes '../../../Engine/Content/Localization/Engine/ru/Engine.locres' could not be opened for reading!
[2019.09.25-09.17.18:697][  0]LogInit: Setting process to per monitor DPI aware
[2019.09.25-09.17.18:726][  0]LogSlate: New Slate User Created.  User Index 0, Is Virtual User: 0
[2019.09.25-09.17.18:726][  0]LogSlate: Slate User Registered.  User Index 0, Is Virtual User: 0
[2019.09.25-09.17.18:991][  0]LogHMD: Failed to initialize OpenVR with code 110
[2019.09.25-09.17.18:992][  0]LogD3D11RHI: D3D11 adapters:
[2019.09.25-09.17.19:142][  0]LogD3D11RHI:    0. 'NVIDIA GeForce GTX 1050 Ti' (Feature Level 11_0)
[2019.09.25-09.17.19:143][  0]LogD3D11RHI:       4018/0/6135 MB DedicatedVideo/DedicatedSystem/SharedSystem, Outputs:1, VendorId:0x10de
[2019.09.25-09.17.19:154][  0]LogD3D11RHI:    1. 'Microsoft Basic Render Driver' (Feature Level 11_0)
[2019.09.25-09.17.19:154][  0]LogD3D11RHI:       0/0/6135 MB DedicatedVideo/DedicatedSystem/SharedSystem, Outputs:0, VendorId:0x1414
[2019.09.25-09.17.19:154][  0]LogD3D11RHI: Chosen D3D11 Adapter: 0
[2019.09.25-09.17.19:162][  0]LogD3D11RHI: Creating new Direct3DDevice
[2019.09.25-09.17.19:162][  0]LogD3D11RHI:     GPU DeviceId: 0x1c82 (for the marketing name, search the web for "GPU Device Id")
[2019.09.25-09.17.19:162][  0]LogWindows: EnumDisplayDevices:
[2019.09.25-09.17.19:162][  0]LogWindows:    0. 'NVIDIA GeForce GTX 1050 Ti' (P:1 D:1)
[2019.09.25-09.17.19:164][  0]LogWindows:    1. 'NVIDIA GeForce GTX 1050 Ti' (P:0 D:0)
[2019.09.25-09.17.19:165][  0]LogWindows:    2. 'NVIDIA GeForce GTX 1050 Ti' (P:0 D:0)
[2019.09.25-09.17.19:166][  0]LogWindows:    3. 'NVIDIA GeForce GTX 1050 Ti' (P:0 D:0)
[2019.09.25-09.17.19:167][  0]LogWindows: DebugString: FoundDriverCount:4 
[2019.09.25-09.17.19:169][  0]LogD3D11RHI:     Adapter Name: NVIDIA GeForce GTX 1050 Ti
[2019.09.25-09.17.19:169][  0]LogD3D11RHI:   Driver Version: 436.30 (internal:26.21.14.3630, unified:436.30)
[2019.09.25-09.17.19:169][  0]LogD3D11RHI:      Driver Date: 9-5-2019
[2019.09.25-09.17.19:169][  0]LogRHI: Texture pool is 2812 MB (70% of 4018 MB)
[2019.09.25-09.17.19:247][  0]LogD3D11RHI: Async texture creation enabled
[2019.09.25-09.17.19:269][  0]LogRendererCore: FGlobalReadBuffer::InitRHI
[2019.09.25-09.17.19:269][  0]LogRendererCore: FGlobalReadBuffer::InitRHI
[2019.09.25-09.17.19:270][  0]LogRendererCore: FGlobalReadBuffer::InitRHI
[2019.09.25-09.17.19:281][  0]LogD3D11RHI: GPU Timing Frequency: 1000.000000 (Debug: 2 1)
[2019.09.25-09.17.19:845][  0]LogTemp: Display: Module 'AllDesktopTargetPlatform' loaded TargetPlatform 'AllDesktop'
[2019.09.25-09.17.19:882][  0]LogTemp: Display: Module 'MacClientTargetPlatform' loaded TargetPlatform 'MacClient'
[2019.09.25-09.17.19:904][  0]LogTemp: Display: Module 'MacNoEditorTargetPlatform' loaded TargetPlatform 'MacNoEditor'
[2019.09.25-09.17.19:929][  0]LogTemp: Display: Module 'MacServerTargetPlatform' loaded TargetPlatform 'MacServer'
[2019.09.25-09.17.19:961][  0]LogTemp: Display: Module 'MacTargetPlatform' loaded TargetPlatform 'Mac'
[2019.09.25-09.17.19:989][  0]LogTemp: Display: Module 'WindowsClientTargetPlatform' loaded TargetPlatform 'WindowsClient'
[2019.09.25-09.17.20:014][  0]LogTemp: Display: Module 'WindowsNoEditorTargetPlatform' loaded TargetPlatform 'WindowsNoEditor'
[2019.09.25-09.17.20:046][  0]LogTemp: Display: Module 'WindowsServerTargetPlatform' loaded TargetPlatform 'WindowsServer'
[2019.09.25-09.17.20:060][  0]LogTemp: Display: Module 'WindowsTargetPlatform' loaded TargetPlatform 'Windows'
[2019.09.25-09.17.20:232][  0]LogTemp: Display: Module 'AndroidTargetPlatform' loaded TargetPlatform 'Android'
[2019.09.25-09.17.20:234][  0]LogTemp: Display: Module 'AndroidTargetPlatform' loaded TargetPlatform 'Android_ASTC'
[2019.09.25-09.17.20:234][  0]LogTemp: Display: Module 'AndroidTargetPlatform' loaded TargetPlatform 'Android_ATC'
[2019.09.25-09.17.20:235][  0]LogTemp: Display: Module 'AndroidTargetPlatform' loaded TargetPlatform 'Android_DXT'
[2019.09.25-09.17.20:235][  0]LogTemp: Display: Module 'AndroidTargetPlatform' loaded TargetPlatform 'Android_ETC1'
[2019.09.25-09.17.20:235][  0]LogTemp: Display: Module 'AndroidTargetPlatform' loaded TargetPlatform 'Android_ETC1a'
[2019.09.25-09.17.20:235][  0]LogTemp: Display: Module 'AndroidTargetPlatform' loaded TargetPlatform 'Android_ETC2'
[2019.09.25-09.17.20:235][  0]LogTemp: Display: Module 'AndroidTargetPlatform' loaded TargetPlatform 'Android_PVRTC'
[2019.09.25-09.17.20:235][  0]LogTemp: Display: Module 'AndroidTargetPlatform' loaded TargetPlatform 'AndroidClient'
[2019.09.25-09.17.20:235][  0]LogTemp: Display: Module 'AndroidTargetPlatform' loaded TargetPlatform 'Android_ASTCClient'
[2019.09.25-09.17.20:235][  0]LogTemp: Display: Module 'AndroidTargetPlatform' loaded TargetPlatform 'Android_ATCClient'
[2019.09.25-09.17.20:235][  0]LogTemp: Display: Module 'AndroidTargetPlatform' loaded TargetPlatform 'Android_DXTClient'
[2019.09.25-09.17.20:236][  0]LogTemp: Display: Module 'AndroidTargetPlatform' loaded TargetPlatform 'Android_ETC1Client'
[2019.09.25-09.17.20:236][  0]LogTemp: Display: Module 'AndroidTargetPlatform' loaded TargetPlatform 'Android_ETC1aClient'
[2019.09.25-09.17.20:236][  0]LogTemp: Display: Module 'AndroidTargetPlatform' loaded TargetPlatform 'Android_ETC2Client'
[2019.09.25-09.17.20:236][  0]LogTemp: Display: Module 'AndroidTargetPlatform' loaded TargetPlatform 'Android_PVRTCClient'
[2019.09.25-09.17.20:236][  0]LogTemp: Display: Module 'AndroidTargetPlatform' loaded TargetPlatform 'Android_Multi'
[2019.09.25-09.17.20:236][  0]LogTemp: Display: Module 'AndroidTargetPlatform' loaded TargetPlatform 'Android_MultiClient'
[2019.09.25-09.17.20:240][  0]LogTemp: Display: Module 'HTML5TargetPlatform' loaded TargetPlatform 'HTML5'
[2019.09.25-09.17.20:335][  0]LogTemp: Display: Module 'IOSTargetPlatform' loaded TargetPlatform 'IOSClient'
[2019.09.25-09.17.20:335][  0]LogTemp: Display: Module 'IOSTargetPlatform' loaded TargetPlatform 'IOS'
[2019.09.25-09.17.20:381][  0]LogTemp: Display: Module 'TVOSTargetPlatform' loaded TargetPlatform 'TVOSClient'
[2019.09.25-09.17.20:387][  0]LogTemp: Display: Module 'TVOSTargetPlatform' loaded TargetPlatform 'TVOS'
[2019.09.25-09.17.20:419][  0]LogTemp: Display: Module 'LinuxClientTargetPlatform' loaded TargetPlatform 'LinuxClient'
[2019.09.25-09.17.20:449][  0]LogTemp: Display: Module 'LinuxNoEditorTargetPlatform' loaded TargetPlatform 'LinuxNoEditor'
[2019.09.25-09.17.20:489][  0]LogTemp: Display: Module 'LinuxServerTargetPlatform' loaded TargetPlatform 'LinuxServer'
[2019.09.25-09.17.20:523][  0]LogTemp: Display: Module 'LinuxTargetPlatform' loaded TargetPlatform 'Linux'
[2019.09.25-09.17.20:620][  0]LogTemp: Display: Module 'LuminTargetPlatform' loaded TargetPlatform 'Lumin'
[2019.09.25-09.17.20:632][  0]LogTemp: Display: Module 'LuminTargetPlatform' loaded TargetPlatform 'LuminClient'
[2019.09.25-09.17.20:633][  0]LogTargetPlatformManager: Display: Building Assets For Windows
[2019.09.25-09.17.20:688][  0]LogAudioDebug: Display: Lib vorbis DLL was dynamically loaded.
[2019.09.25-09.17.21:109][  0]LogShaderCompilers: Guid format shader working directory is 8 characters bigger than the processId version (E:/Udemy/buildingescape/BT/BattelTank/Intermediate/Shaders/WorkingDirectory/13488/).
[2019.09.25-09.17.21:109][  0]LogShaderCompilers: Cleaned the shader compiler working directory 'C:/Users/Happy/AppData/Local/Temp/UnrealShaderWorkingDir/287F50F0484EE0ADEDD99D9E62408CFA/'.
[2019.09.25-09.17.21:113][  0]LogXGEController: Cannot use XGE Controller as Incredibuild is not installed on this machine.
[2019.09.25-09.17.21:114][  0]LogShaderCompilers: Cannot use XGE Shader Compiler as Incredibuild is not installed on this machine.
[2019.09.25-09.17.21:115][  0]LogShaderCompilers: Display: Using Local Shader Compiler.
[2019.09.25-09.17.22:140][  0]LogDerivedDataCache: Display: Max Cache Size: 512 MB
[2019.09.25-09.17.22:245][  0]LogDerivedDataCache: Loaded boot cache 0.10s 71MB C:/Users/Happy/AppData/Local/UnrealEngine/4.22/DerivedDataCache/Boot.ddc.
[2019.09.25-09.17.22:247][  0]LogDerivedDataCache: Display: Loaded Boot cache: C:/Users/Happy/AppData/Local/UnrealEngine/4.22/DerivedDataCache/Boot.ddc
[2019.09.25-09.17.22:247][  0]LogDerivedDataCache: FDerivedDataBackendGraph:  Pak pak cache file E:/Udemy/buildingescape/BT/BattelTank/DerivedDataCache/DDC.ddp not found, will not use a pak cache.
[2019.09.25-09.17.22:247][  0]LogDerivedDataCache: Unable to find inner node Pak for hierarchical cache Hierarchy.
[2019.09.25-09.17.22:247][  0]LogDerivedDataCache: FDerivedDataBackendGraph:  CompressedPak pak cache file E:/Udemy/buildingescape/BT/BattelTank/DerivedDataCache/Compressed.ddp not found, will not use a pak cache.
[2019.09.25-09.17.22:247][  0]LogDerivedDataCache: Unable to find inner node CompressedPak for hierarchical cache Hierarchy.
[2019.09.25-09.17.22:267][  0]LogDerivedDataCache: Display: Pak cache opened for reading ../../../Engine/DerivedDataCache/Compressed.ddp.
[2019.09.25-09.17.22:269][  0]LogDerivedDataCache: FDerivedDataBackendGraph:  EnterprisePak pak cache file ../../../Enterprise/DerivedDataCache/Compressed.ddp not found, will not use a pak cache.
[2019.09.25-09.17.22:269][  0]LogDerivedDataCache: Unable to find inner node EnterprisePak for hierarchical cache Hierarchy.
[2019.09.25-09.17.22:284][  0]LogDerivedDataCache: Using Local data cache path C:/Users/Happy/AppData/Local/UnrealEngine/Common/DerivedDataCache: Writable
[2019.09.25-09.17.22:284][  0]LogDerivedDataCache: Shared data cache path not found in *engine.ini, will not use an Shared cache.
[2019.09.25-09.17.22:284][  0]LogDerivedDataCache: Unable to find inner node Shared for hierarchical cache Hierarchy.
[2019.09.25-09.17.22:316][  0]LogMaterial: Verifying Global Shaders for PCD3D_SM5
[2019.09.25-09.17.22:320][  0]LogSlate: Using FreeType 2.6.0
[2019.09.25-09.17.22:322][  0]LogSlate: SlateFontServices - WITH_FREETYPE: 1, WITH_HARFBUZZ: 1
[2019.09.25-09.17.22:484][  0]LogAssetRegistry: FAssetRegistry took 0.0716 seconds to start up
[2019.09.25-09.17.23:127][  0]LogInit: Selected Device Profile: [Windows]
[2019.09.25-09.17.23:394][  0]LogMeshReduction: Using QuadricMeshReduction for automatic static mesh reduction
[2019.09.25-09.17.23:394][  0]LogMeshReduction: Using SimplygonMeshReduction for automatic skeletal mesh reduction
[2019.09.25-09.17.23:394][  0]LogMeshReduction: Using ProxyLODMeshReduction for automatic mesh merging
[2019.09.25-09.17.23:394][  0]LogMeshReduction: No distributed automatic mesh merging module available
[2019.09.25-09.17.23:394][  0]LogMeshMerging: No distributed automatic mesh merging module available
[2019.09.25-09.17.23:418][  0]LogNetVersion: BattelTank 1.0.0, NetCL: 5660361, EngineNetVer: 10, GameNetVer: 0 (Checksum: 3957860822)
[2019.09.25-09.17.24:040][  0]LogPackageLocalizationCache: Processed 10 localized package path(s) for 1 prioritized culture(s) in 0.047253 seconds
[2019.09.25-09.17.24:053][  0]LogUObjectArray: 42205 objects as part of root set at end of initial load.
[2019.09.25-09.17.24:055][  0]LogUObjectAllocator: 7325032 out of 0 bytes used by permanent object pool.
[2019.09.25-09.17.24:055][  0]LogUObjectArray: CloseDisregardForGC: 0/0 objects in disregard for GC pool
[2019.09.25-09.17.25:668][  0]LogTcpMessaging: Initializing TcpMessaging bridge
[2019.09.25-09.17.25:688][  0]LogUdpMessaging: Initializing bridge on interface 0.0.0.0:0 to multicast group 230.0.0.1:6666.
[2019.09.25-09.17.25:936][  0]SourceControl: Source control is disabled
[2019.09.25-09.17.25:936][  0]SourceControl: Source control is disabled
[2019.09.25-09.17.26:001][  0]SourceControl: Source control is disabled
[2019.09.25-09.17.26:011][  0]SourceControl: Source control is disabled
[2019.09.25-09.17.26:312][  0]LogAndroidPermission: UAndroidPermissionCallbackProxy::GetInstance
[2019.09.25-09.17.26:573][  0]LogOcInput: OculusInput pre-init called
[2019.09.25-09.17.27:616][  0]LogEngine: Initializing Engine...
[2019.09.25-09.17.27:618][  0]LogHMD: Failed to initialize OpenVR with code 110
[2019.09.25-09.17.27:620][  0]LogStats: UGameplayTagsManager::InitializeManager -  0.000 s
[2019.09.25-09.17.27:981][  0]LogInit: Initializing FReadOnlyCVARCache
[2019.09.25-09.17.28:005][  0]LogAIModule: Creating AISystem for world Untitled
[2019.09.25-09.17.28:057][  0]LogInit: XAudio2 using 'Динамики (Realtek High Definition Audio)' : 2 channels at 48 kHz using 32 bits per sample (channel mask 0x3)
[2019.09.25-09.17.28:118][  0]LogInit: FAudioDevice initialized.
[2019.09.25-09.17.28:118][  0]LogNetVersion: Set ProjectVersion to 1.0.0.0. Version Checksum will be recalculated on next use.
[2019.09.25-09.17.29:015][  0]LogDerivedDataCache: Saved boot cache 0.90s 71MB C:/Users/Happy/AppData/Local/UnrealEngine/4.22/DerivedDataCache/Boot.ddc.
[2019.09.25-09.17.29:023][  0]LogInit: Texture streaming: Enabled
[2019.09.25-09.17.29:070][  0]LogEngineSessionManager: EngineSessionManager initialized
[2019.09.25-09.17.29:107][  0]LogInit: Transaction tracking system initialized
[2019.09.25-09.17.29:170][  0]BlueprintLog: New page: Editor Load
[2019.09.25-09.17.29:410][  0]LocalizationService: Localization service is disabled
[2019.09.25-09.17.29:929][  0]LogFileCache: Scanning file cache for directory 'E:/Udemy/buildingescape/BT/BattelTank/Content/' took 0.02s
[2019.09.25-09.17.29:930][  0]LogCook: Display: Max memory allowance for cook 16384mb min free memory 0mb
[2019.09.25-09.17.29:930][  0]LogCook: Display: Mobile HDR setting 1
[2019.09.25-09.17.30:128][  0]LogLinker: Warning: Can't find file '/Game/terrain/physics/water'
[2019.09.25-09.17.30:130][  0]LogLinker: Warning: Can't find file for asset '/Game/terrain/physics/water' while loading NULL.
[2019.09.25-09.17.30:130][  0]LogLinker: Warning: Can't find file '/Game/terrain/physics/water'
[2019.09.25-09.17.30:131][  0]LogLinker: Warning: Can't find file for asset '/Game/terrain/physics/water' while loading NULL.
[2019.09.25-09.17.30:133][  0]LogLinker: Warning: Can't find file '/Game/terrain/physics/water'
[2019.09.25-09.17.30:133][  0]LoadErrors: Failed to load /Game/terrain/physics/water.water Referenced by BodySetup_0
[2019.09.25-09.17.30:133][  0]LogLinker: Warning: Can't find file for asset '/Game/terrain/physics/water' while loading NULL.
[2019.09.25-09.17.30:322][  0]SourceControl: Source control is disabled
[2019.09.25-09.17.30:441][  0]LogSlate: Took 0.000194 seconds to synchronously load lazily loaded font '../../../Engine/Content/Slate/Fonts/Roboto-Regular.ttf' (155K)
[2019.09.25-09.20.49:169][  0]LogSlate: Window 'Restore Packages' being destroyed
[2019.09.25-09.20.49:169][  0]LogWindowsTextInputMethodSystem: Display: IME system now deactivated.
[2019.09.25-09.20.49:219][  0]Cmd: MAP LOAD FILE="../../../Engine/Content/Maps/Templates/Template_Default.umap" TEMPLATE=1 SHOWPROGRESS=1 FEATURELEVEL=3
[2019.09.25-09.20.49:219][  0]LightingResults: New page: Lighting Build
[2019.09.25-09.20.49:223][  0]MapCheck: New page: Map Check
[2019.09.25-09.20.49:228][  0]LightingResults: New page: Lighting Build
[2019.09.25-09.20.49:287][  0]LogUObjectHash: Compacting FUObjectHashTables data took   2.54ms
[2019.09.25-09.20.49:420][  0]LogAIModule: Creating AISystem for world Untitled_1
[2019.09.25-09.20.49:466][  0]LogEditorServer: Finished looking for orphan Actors (0.000 secs)
[2019.09.25-09.20.49:498][  0]LogUObjectHash: Compacting FUObjectHashTables data took   3.13ms
[2019.09.25-09.20.49:510][  0]Cmd: MAP CHECKDEP NOCLEARLOG
[2019.09.25-09.20.49:569][  0]MapCheck: Map check complete: 0 Error(s), 0 Warning(s), took 0,162ms to complete.
[2019.09.25-09.20.49:569][  0]LogFileHelpers: Loading map 'Template_Default' took 0.351
[2019.09.25-09.20.49:586][  0]LogWindowsTextInputMethodSystem: Display: IME system now deactivated.
[2019.09.25-09.20.49:634][  0]LogSlate: Updating window title bar state: overlay mode, drag disabled, window buttons hidden, title bar hidden
[2019.09.25-09.20.49:659][  0]LogSlate: Updating window title bar state: overlay mode, drag disabled, window buttons hidden, title bar hidden
[2019.09.25-09.20.49:678][  0]LogSlate: Updating window title bar state: overlay mode, drag disabled, window buttons hidden, title bar hidden
[2019.09.25-09.20.49:698][  0]LogSlate: Updating window title bar state: overlay mode, drag disabled, window buttons hidden, title bar hidden
[2019.09.25-09.20.49:732][  0]LogCollectionManager: Loaded 0 collections in 0.002088 seconds
[2019.09.25-09.20.49:766][  0]LogFileCache: Scanning file cache for directory 'E:/Udemy/buildingescape/BT/BattelTank/Saved/Collections/' took 0.01s
[2019.09.25-09.20.49:766][  0]LogFileCache: Scanning file cache for directory 'E:/Udemy/buildingescape/BT/BattelTank/Content/Developers/Happy/Collections/' took 0.01s
[2019.09.25-09.20.49:766][  0]LogFileCache: Scanning file cache for directory 'E:/Udemy/buildingescape/BT/BattelTank/Content/Collections/' took 0.00s
[2019.09.25-09.20.49:766][  0]LogCollectionManager: Rebuilt the GUID cache for 0 collections in 0.000001 seconds
[2019.09.25-09.20.49:780][  0]LogContentBrowser: Native class hierarchy populated in 0.0136 seconds. Added 2738 classes and 661 folders.
[2019.09.25-09.20.49:789][  0]LogContentBrowser: Native class hierarchy updated for 'WidgetCarousel' in 0.0005 seconds. Added 0 classes and 0 folders.
[2019.09.25-09.20.49:791][  0]LogPakFile: Registered encryption key '00000000000000000000000000000000': 0 pak files mounted, 0 remain pending
[2019.09.25-09.20.49:792][  0]LogPakFile: Registered encryption key '00000000000000000000000000000000': 0 pak files mounted, 0 remain pending
[2019.09.25-09.20.49:793][  0]LogPakFile: Registered encryption key '00000000000000000000000000000000': 0 pak files mounted, 0 remain pending
[2019.09.25-09.20.49:794][  0]LogPakFile: Registered encryption key '00000000000000000000000000000000': 0 pak files mounted, 0 remain pending
[2019.09.25-09.20.49:794][  0]LogPakFile: Registered encryption key '00000000000000000000000000000000': 0 pak files mounted, 0 remain pending
[2019.09.25-09.20.49:795][  0]LogPakFile: Registered encryption key '00000000000000000000000000000000': 0 pak files mounted, 0 remain pending
[2019.09.25-09.20.49:798][  0]LogPakFile: Registered encryption key '00000000000000000000000000000000': 0 pak files mounted, 0 remain pending
[2019.09.25-09.20.49:799][  0]LogPakFile: Registered encryption key '00000000000000000000000000000000': 0 pak files mounted, 0 remain pending
[2019.09.25-09.20.49:799][  0]LogPakFile: Registered encryption key '00000000000000000000000000000000': 0 pak files mounted, 0 remain pending
[2019.09.25-09.20.49:800][  0]LogPakFile: Registered encryption key '00000000000000000000000000000000': 0 pak files mounted, 0 remain pending
[2019.09.25-09.20.49:800][  0]LogPakFile: Registered encryption key '00000000000000000000000000000000': 0 pak files mounted, 0 remain pending
[2019.09.25-09.20.49:801][  0]LogPakFile: Registered encryption key '00000000000000000000000000000000': 0 pak files mounted, 0 remain pending
[2019.09.25-09.20.49:802][  0]LogPakFile: Registered encryption key '00000000000000000000000000000000': 0 pak files mounted, 0 remain pending
[2019.09.25-09.20.49:803][  0]LogPakFile: Registered encryption key '00000000000000000000000000000000': 0 pak files mounted, 0 remain pending
[2019.09.25-09.20.49:805][  0]LogPakFile: Registered encryption key '00000000000000000000000000000000': 0 pak files mounted, 0 remain pending
[2019.09.25-09.20.49:806][  0]LogPakFile: Registered encryption key '00000000000000000000000000000000': 0 pak files mounted, 0 remain pending
[2019.09.25-09.20.49:807][  0]LogPakFile: Registered encryption key '00000000000000000000000000000000': 0 pak files mounted, 0 remain pending
[2019.09.25-09.20.49:807][  0]LogPakFile: Registered encryption key '00000000000000000000000000000000': 0 pak files mounted, 0 remain pending
[2019.09.25-09.20.49:808][  0]LogPakFile: Registered encryption key '00000000000000000000000000000000': 0 pak files mounted, 0 remain pending
[2019.09.25-09.20.49:809][  0]LogPakFile: Registered encryption key '00000000000000000000000000000000': 0 pak files mounted, 0 remain pending
[2019.09.25-09.20.49:809][  0]LogPakFile: Registered encryption key '00000000000000000000000000000000': 0 pak files mounted, 0 remain pending
[2019.09.25-09.20.49:810][  0]LogPakFile: Registered encryption key '00000000000000000000000000000000': 0 pak files mounted, 0 remain pending
[2019.09.25-09.20.49:810][  0]LogPakFile: Registered encryption key '00000000000000000000000000000000': 0 pak files mounted, 0 remain pending
[2019.09.25-09.20.49:811][  0]LogPakFile: Registered encryption key '00000000000000000000000000000000': 0 pak files mounted, 0 remain pending
[2019.09.25-09.20.49:811][  0]LogPakFile: Registered encryption key '00000000000000000000000000000000': 0 pak files mounted, 0 remain pending
[2019.09.25-09.20.49:812][  0]LogPakFile: Registered encryption key '00000000000000000000000000000000': 0 pak files mounted, 0 remain pending
[2019.09.25-09.20.49:851][  0]LogContentBrowser: Native class hierarchy updated for 'AddContentDialog' in 0.0005 seconds. Added 0 classes and 0 folders.
[2019.09.25-09.20.49:866][  0]LogContentBrowser: Native class hierarchy updated for 'SceneOutliner' in 0.0005 seconds. Added 1 classes and 2 folders.
[2019.09.25-09.20.49:965][  0]LogSlate: Took 0.000180 seconds to synchronously load lazily loaded font '../../../Engine/Content/Slate/Fonts/Roboto-Bold.ttf' (160K)
[2019.09.25-09.20.49:973][  0]LogSlate: Took 0.000270 seconds to synchronously load lazily loaded font '../../../Engine/Content/Editor/Slate/Fonts/FontAwesome.ttf' (139K)
[2019.09.25-09.20.50:026][  0]LogRenderer: Reallocating scene render targets to support 1168x600 Format 9 NumSamples 1 (Frame:1).
[2019.09.25-09.20.50:233][  0]LogContentBrowser: Native class hierarchy updated for 'HierarchicalLODOutliner' in 0.0004 seconds. Added 0 classes and 0 folders.
[2019.09.25-09.20.50:233][  0]LogLoad: (Engine Initialization) Total time: 215.40 seconds
[2019.09.25-09.20.50:233][  0]LogLoad: (Engine Initialization) Total Blueprint compile time: 0.00 seconds
[2019.09.25-09.20.50:279][  0]LogAssetRegistry: Asset discovery search completed in 207.8441 seconds
[2019.09.25-09.20.50:295][  0]LogCollectionManager: Rebuilt the object cache for 0 collections in 0.000001 seconds (found 0 objects)
[2019.09.25-09.20.50:296][  0]LogCollectionManager: Fixed up redirectors for 0 collections in 0.000514 seconds (updated 0 objects)
[2019.09.25-09.20.50:302][  0]LogContentStreaming: Texture pool size now 800 MB
[2019.09.25-09.20.50:315][  0]LogSlate: FSceneViewport::OnFocusLost() reason 2
[2019.09.25-09.20.50:442][  0]LogSlate: Took 0.000261 seconds to synchronously load lazily loaded font '../../../Engine/Content/Slate/Fonts/Roboto-Light.ttf' (167K)
[2019.09.25-09.20.51:266][ 71]LogSlate: Took 0.000219 seconds to synchronously load lazily loaded font '../../../Engine/Content/Slate/Fonts/Roboto-Light.ttf' (167K)
[2019.09.25-09.21.18:110][735]LogSlate: Window 'Message Log' being destroyed
[2019.09.25-09.21.18:113][735]LogSlate: Window 'Message Log' being destroyed
[2019.09.25-09.21.19:363][831]LogSlate: FSceneViewport::OnFocusLost() reason 0
[2019.09.25-09.21.19:607][841]LogAssetEditorManager: Opening Asset editor for Blueprint /Game/blueprint/Tank/BP_Tank.BP_Tank
[2019.09.25-09.21.19:993][841]LogContentBrowser: Native class hierarchy updated for 'BlueprintGraph' in 0.0009 seconds. Added 121 classes and 0 folders.
[2019.09.25-09.21.21:539][841]LogSlate: Took 0.000131 seconds to synchronously load lazily loaded font '../../../Engine/Content/Slate/Fonts/Roboto-BoldCondensed.ttf' (158K)
[2019.09.25-09.21.21:771][842]LogSlate: Took 0.000170 seconds to synchronously load lazily loaded font '../../../Engine/Content/Slate/Fonts/Roboto-Italic.ttf' (157K)
[2019.09.25-09.21.35:413][762]BlueprintLog: New page: Compile BP_Tank
[2019.09.25-09.21.35:693][762]LogUObjectHash: Compacting FUObjectHashTables data took   5.41ms
[2019.09.25-09.21.35:711][762]LogHotReload: New module detected: UE4Editor-BattelTank-5292.dll
[2019.09.25-09.21.39:614][912]LogHotReload: Starting Hot-Reload from IDE
[2019.09.25-09.21.39:683][912]LogUObjectHash: Compacting FUObjectHashTables data took   4.50ms
[2019.09.25-09.21.39:701][912]LogBlueprintActionDatabase: Requesting refresh due to module change: BattelTank (unloaded)
[2019.09.25-09.21.39:770][912]LogBlueprintActionDatabase: Requesting refresh due to module change: BattelTank (loaded)
[2019.09.25-09.21.39:771][912]LogContentBrowser: Native class hierarchy updated for 'BattelTank' in 0.0006 seconds. Added 6 classes and 2 folders.
[2019.09.25-09.21.39:777][912]Display: HotReload successful (2 functions remapped  0 scriptstructs remapped)
[2019.09.25-09.21.39:937][912]LogUObjectHash: Compacting FUObjectHashTables data took   2.78ms
[2019.09.25-09.21.39:940][912]LogBlueprintActionDatabase: Requesting refresh due to hot reload
[2019.09.25-09.21.39:966][912]LogContentBrowser: Native class hierarchy populated in 0.0128 seconds. Added 2739 classes and 663 folders.
[2019.09.25-09.21.40:009][912]Display: HotReload took  0.4s.
[2019.09.25-09.21.41:593][  5]LogSlate: FSceneViewport::OnFocusLost() reason 0
[2019.09.25-09.21.41:728][ 17]LogSlate: Window 'BP_Tank' being destroyed
[2019.09.25-09.21.41:731][ 17]LogSlate: Window 'BP_Tank' being destroyed
[2019.09.25-09.21.43:897][194]LogSlate: FSceneViewport::OnFocusLost() reason 0
[2019.09.25-09.21.44:109][204]LogUObjectHash: Compacting FUObjectHashTables data took   7.45ms
[2019.09.25-09.21.45:727][204]LogSlate: Window 'Save Content' being destroyed
